Hello World!
number of subdomain 8
-- FreeFem++ v4.13 (2024年 01月 20日 星期六 00:49:06 CST - git no git)
   file : HelmPMLDD.edp
 Load: lg_fem lg_mesh lg_mesh3 eigenvalue 
init MUMPS_SEQ: MPI_Init

 *** Warning  The identifier dist hide a Global identifier  
 load: iovtk 

 *** Warning  The identifier z hide a Global identifier  

 *** Warning  The identifier y hide a Global identifier  
 (already loaded: iovtk) sizestack + 1024 =53416  ( 52392 )

running time: 0.000146  get k
lambda = 0.0628319
wave number = 100
height = 1, length = 1, lengthpml = 0.00943396, layerspml = 3
nppwl = 19.8692, h = 0.00314465, k to (-1-1/2p) = 0.00316228
  -- Square mesh : nb vertices  =105625 ,  nb triangles = 209952 ,  nb boundary edges 1296
running time: 0.033481  get mesh
 0x55f041ad04d0 VTK_FILE 2
running time: 0.685054  define forms
running time: 6.06595  assemble A(421201,421201)
running time: 6.34605  assemble rhs
running time: 6.34606  direct solve
setting up dd preconditioner.....
 num of subdomains: 8, overlaps: 8, length of overlaps: 0.0251572
                     , gaps: 3, length of gaps: 0.00943396
running time: 19.2432  settup dd
done! setting up dd preconditioner.....
Stationary iteration:
error = [0, 2193.89, 2251.66, 2254.53, 2254.68, 2254.69, 2254.69, 2254.69]
res = [0.000193574, 0.00073353, 3.26747e-05, 2.43685e-06, 1.77398e-07, 1.25929e-08, 8.77256e-10, 6.02484e-11]
StationaryIterate has converged in 7 iterations 
The relative residual is 3.11243e-07
running time: 32.8365  fixed point done
done! fixed point solve.....
log runing arguments:
FreeFem++  HelmPMLDD.edp  -ns  -nw  -lengthoverlaps  0.025  -lengthpml  0.025  -gmres  0  -apml  5000  -wavenumber  100  -npart  8  -sweep4  -primal-DDS=1  -DNN=1  -DDA=1  -DPOU=1  -tol  1.e-6  
running time: 33.8459
close  MUMPS_SEQ: MPI_Finalize
-- FreeFem++ v4.13 (2024年 01月 20日 星期六 00:49:06 CST - git no git)
   file : HelmPMLDD.edp
 Load: lg_fem lg_mesh lg_mesh3 eigenvalue 
init MUMPS_SEQ: MPI_Init

 *** Warning  The identifier dist hide a Global identifier  
 load: iovtk 

 *** Warning  The identifier z hide a Global identifier  

 *** Warning  The identifier y hide a Global identifier  
 (already loaded: iovtk) sizestack + 1024 =53416  ( 52392 )

running time: 0.000126  get k
lambda = 0.0418879
wave number = 150
height = 1, length = 1, lengthpml = 0.00570342, layerspml = 3
nppwl = 21.9889, h = 0.00190114, k to (-1-1/2p) = 0.00190496
  -- Square mesh : nb vertices  =284089 ,  nb triangles = 566048 ,  nb boundary edges 2128
running time: 0.074584  get mesh
 0x560a1e2074d0 VTK_FILE 2
running time: 1.8328  define forms
running time: 16.8218  assemble A(1134225,1134225)
running time: 17.5808  assemble rhs
running time: 17.5808  direct solve
setting up dd preconditioner.....
 num of subdomains: 8, overlaps: 14, length of overlaps: 0.026616
                     , gaps: 5, length of gaps: 0.0095057
running time: 53.0082  settup dd
done! setting up dd preconditioner.....
Stationary iteration:
error = [0, 4420.53, 4532.91, 4538.77, 4539.08, 4539.09, 4539.09, 4539.09]
res = [9.52349e-05, 0.000307285, 1.34018e-05, 9.55331e-07, 6.72572e-08, 4.65561e-09, 3.18103e-10, 2.15174e-11]
StationaryIterate has converged in 7 iterations 
The relative residual is 2.2594e-07
running time: 95.8206  fixed point done
done! fixed point solve.....
log runing arguments:
FreeFem++  HelmPMLDD.edp  -ns  -nw  -lengthoverlaps  0.025  -lengthpml  0.025  -gmres  0  -apml  5000  -wavenumber  150  -npart  8  -sweep4  -primal-DDS=1  -DNN=1  -DDA=1  -DPOU=1  -tol  1.e-6  
running time: 98.551
close  MUMPS_SEQ: MPI_Finalize
-- FreeFem++ v4.13 (2024年 01月 20日 星期六 00:49:06 CST - git no git)
   file : HelmPMLDD.edp
 Load: lg_fem lg_mesh lg_mesh3 eigenvalue 
init MUMPS_SEQ: MPI_Init

 *** Warning  The identifier dist hide a Global identifier  
 load: iovtk 

 *** Warning  The identifier z hide a Global identifier  

 *** Warning  The identifier y hide a Global identifier  
 (already loaded: iovtk) sizestack + 1024 =53416  ( 52392 )

running time: 9.4e-05  get k
lambda = 0.0314159
wave number = 200
height = 1, length = 1, lengthpml = 0.00397878, layerspml = 3
nppwl = 23.6286, h = 0.00132626, k to (-1-1/2p) = 0.00132957
  -- Square mesh : nb vertices  =579121 ,  nb triangles = 1155200 ,  nb boundary edges 3040
running time: 0.140677  get mesh
 0x56225ff624d0 VTK_FILE 2
running time: 3.87417  define forms
running time: 35.1148  assemble A(2313441,2313441)
running time: 36.674  assemble rhs
running time: 36.674  direct solve
setting up dd preconditioner.....
 num of subdomains: 8, overlaps: 19, length of overlaps: 0.0251989
                     , gaps: 6, length of gaps: 0.00795756
running time: 109.266  settup dd
done! setting up dd preconditioner.....
Stationary iteration:
error = [0, 7304.79, 7479.01, 7488.33, 7488.81, 7488.83, 7488.83, 7488.83]
res = [5.74553e-05, 0.000182177, 8.02617e-06, 5.59948e-07, 3.88509e-08, 2.6561e-09, 1.79578e-10, 1.20385e-11]
StationaryIterate has converged in 7 iterations 
The relative residual is 2.09528e-07
running time: 212.212  fixed point done
done! fixed point solve.....
log runing arguments:
FreeFem++  HelmPMLDD.edp  -ns  -nw  -lengthoverlaps  0.025  -lengthpml  0.025  -gmres  0  -apml  5000  -wavenumber  200  -npart  8  -sweep4  -primal-DDS=1  -DNN=1  -DDA=1  -DPOU=1  -tol  1.e-6  
running time: 217.875
close  MUMPS_SEQ: MPI_Finalize
-- FreeFem++ v4.13 (2024年 01月 20日 星期六 00:49:06 CST - git no git)
   file : HelmPMLDD.edp
 Load: lg_fem lg_mesh lg_mesh3 eigenvalue 
init MUMPS_SEQ: MPI_Init

 *** Warning  The identifier dist hide a Global identifier  
 load: iovtk 

 *** Warning  The identifier z hide a Global identifier  

 *** Warning  The identifier y hide a Global identifier  
 (already loaded: iovtk) sizestack + 1024 =53416  ( 52392 )

running time: 0.000111  get k
lambda = 0.0251327
wave number = 250
height = 1, length = 1, lengthpml = 0.00301205, layerspml = 3
nppwl = 24.9842, h = 0.00100402, k to (-1-1/2p) = 0.00100595
  -- Square mesh : nb vertices  =1006009 ,  nb triangles = 2008008 ,  nb boundary edges 4008
running time: 0.239708  get mesh
 0x55635909cfd0 VTK_FILE 2
running time: 6.77598  define forms
running time: 61.4763  assemble A(4020025,4020025)
running time: 64.1841  assemble rhs
running time: 64.1841  direct solve
setting up dd preconditioner.....
 num of subdomains: 8, overlaps: 25, length of overlaps: 0.0251004
                     , gaps: 8, length of gaps: 0.00803213
running time: 192.365  settup dd
done! setting up dd preconditioner.....
Stationary iteration:
error = [0, 10762.9, 11024.6, 11038.1, 11038.8, 11038.9, 11038.9, 11038.9]
res = [3.88752e-05, 0.000117697, 5.33033e-06, 3.65768e-07, 2.51021e-08, 1.69924e-09, 1.13876e-10, 7.57402e-12]
StationaryIterate has converged in 7 iterations 
The relative residual is 1.94829e-07
running time: 392.282  fixed point done
done! fixed point solve.....
log runing arguments:
FreeFem++  HelmPMLDD.edp  -ns  -nw  -lengthoverlaps  0.025  -lengthpml  0.025  -gmres  0  -apml  5000  -wavenumber  250  -npart  8  -sweep4  -primal-DDS=1  -DNN=1  -DDA=1  -DPOU=1  -tol  1.e-6  
running time: 402.083
close  MUMPS_SEQ: MPI_Finalize
-- FreeFem++ v4.13 (2024年 01月 20日 星期六 00:49:06 CST - git no git)
   file : HelmPMLDD.edp
 Load: lg_fem lg_mesh lg_mesh3 eigenvalue 
init MUMPS_SEQ: MPI_Init

 *** Warning  The identifier dist hide a Global identifier  
 load: iovtk 

 *** Warning  The identifier z hide a Global identifier  

 *** Warning  The identifier y hide a Global identifier  
 (already loaded: iovtk) sizestack + 1024 =53416  ( 52392 )

running time: 9.6e-05  get k
lambda = 0.020944
wave number = 300
height = 1, length = 1, lengthpml = 0.0024, layerspml = 3
nppwl = 26.1493, h = 0.0008, k to (-1-1/2p) = 0.000800937
  -- Square mesh : nb vertices  =1578792 ,  nb triangles = 3152560 ,  nb boundary edges 5022
running time: 0.387484  get mesh
 0x560c849224d0 VTK_FILE 2
running time: 10.9427  define forms
running time: 99.8255  assemble A(6310143,6310143)
running time: 104.096  assemble rhs
running time: 104.096  direct solve
setting up dd preconditioner.....
 num of subdomains: 8, overlaps: 32, length of overlaps: 0.0256
                     , gaps: 10, length of gaps: 0.008
running time: 309.739  settup dd
done! setting up dd preconditioner.....
Stationary iteration:
error = [0, 14818.1, 15143.4, 15162.1, 15162.9, 15163, 15163, 15163]
res = [2.8276e-05, 8.0061e-05, 6.08529e-06, 3.63662e-07, 2.36994e-08, 1.62347e-09, 1.06461e-10, 7.17078e-12]
StationaryIterate has converged in 7 iterations 
The relative residual is 2.536e-07
running time: 664.9  fixed point done
done! fixed point solve.....
log runing arguments:
FreeFem++  HelmPMLDD.edp  -ns  -nw  -lengthoverlaps  0.025  -lengthpml  0.025  -gmres  0  -apml  5000  -wavenumber  300  -npart  8  -sweep4  -primal-DDS=1  -DNN=1  -DDA=1  -DPOU=1  -tol  1.e-6  
running time: 680.149
close  MUMPS_SEQ: MPI_Finalize
-- FreeFem++ v4.13 (2024年 01月 20日 星期六 00:49:06 CST - git no git)
   file : HelmPMLDD.edp
 Load: lg_fem lg_mesh lg_mesh3 eigenvalue 
init MUMPS_SEQ: MPI_Init

 *** Warning  The identifier dist hide a Global identifier  
 load: iovtk 

 *** Warning  The identifier z hide a Global identifier  

 *** Warning  The identifier y hide a Global identifier  
 (already loaded: iovtk) sizestack + 1024 =53416  ( 52392 )

running time: 0.000104  get k
lambda = 0.017952
wave number = 350
height = 1, length = 1, lengthpml = 0.00198151, layerspml = 3
nppwl = 27.1767, h = 0.000660502, k to (-1-1/2p) = 0.000660564
  -- Square mesh : nb vertices  =2313441 ,  nb triangles = 4620800 ,  nb boundary edges 6080
running time: 0.565804  get mesh
 0x55c9938ea4d0 VTK_FILE 2
running time: 17.1646  define forms
running time: 145.826  assemble A(9247681,9247681)
running time: 152.058  assemble rhs
running time: 152.058  direct solve
setting up dd preconditioner.....
 num of subdomains: 8, overlaps: 38, length of overlaps: 0.0250991
                     , gaps: 12, length of gaps: 0.00792602
running time: 464.817  settup dd
done! setting up dd preconditioner.....
Stationary iteration:
error = [0, 19312.2, 19822.3, 19847.4, 19848.7, 19848.8, 19848.8, 19848.8]
res = [2.15992e-05, 6.13996e-05, 2.95177e-06, 1.97699e-07, 1.34015e-08, 8.9796e-10, 5.9608e-11, 3.92934e-12]
StationaryIterate has converged in 7 iterations 
The relative residual is 1.81921e-07
running time: 1041.81  fixed point done
done! fixed point solve.....
log runing arguments:
FreeFem++  HelmPMLDD.edp  -ns  -nw  -lengthoverlaps  0.025  -lengthpml  0.025  -gmres  0  -apml  5000  -wavenumber  350  -npart  8  -sweep4  -primal-DDS=1  -DNN=1  -DDA=1  -DPOU=1  -tol  1.e-6  
running time: 1064.36
close  MUMPS_SEQ: MPI_Finalize
-- FreeFem++ v4.13 (2024年 01月 20日 星期六 00:49:06 CST - git no git)
   file : HelmPMLDD.edp
 Load: lg_fem lg_mesh lg_mesh3 eigenvalue 
init MUMPS_SEQ: MPI_Init

 *** Warning  The identifier dist hide a Global identifier  
 load: iovtk 

 *** Warning  The identifier z hide a Global identifier  

 *** Warning  The identifier y hide a Global identifier  
 (already loaded: iovtk) sizestack + 1024 =53416  ( 52392 )

running time: 0.000132  get k
lambda = 0.0628319
wave number = 100
height = 1, length = 1, lengthpml = 0.00943396, layerspml = 3
nppwl = 19.8692, h = 0.00314465, k to (-1-1/2p) = 0.00316228
  -- Square mesh : nb vertices  =105625 ,  nb triangles = 209952 ,  nb boundary edges 1296
running time: 0.029252  get mesh
 0x56419a95c040 VTK_FILE 2
running time: 0.66583  define forms
running time: 6.17597  assemble A(421201,421201)
running time: 6.45568  assemble rhs
running time: 6.45569  direct solve
setting up dd preconditioner.....
 num of subdomains: 8, overlaps: 8, length of overlaps: 0.0251572
                     , gaps: 3, length of gaps: 0.00943396
running time: 19.4756  settup dd
done! setting up dd preconditioner.....
Stationary iteration:
error = [0, 2258.77, 2254.7, 2254.69, 2254.69]
res = [0.000193574, 4.53193e-05, 1.90439e-07, 5.93812e-10, 1.8643e-12]
StationaryIterate has converged in 4 iterations 
The relative residual is 9.63095e-09
running time: 30.268  fixed point done
done! fixed point solve.....
log runing arguments:
FreeFem++  HelmPMLDD.edp  -ns  -nw  -lengthoverlaps  0.025  -lengthpml  0.0125  -gmres  0  -apml  5000  -wavenumber  100  -npart  8  -sweep4  -primal  -DDS=1  -DNN=1  -DDA=1  -DPOU=1  -tol  1.e-6  
running time: 31.2814
close  MUMPS_SEQ: MPI_Finalize
-- FreeFem++ v4.13 (2024年 01月 20日 星期六 00:49:06 CST - git no git)
   file : HelmPMLDD.edp
 Load: lg_fem lg_mesh lg_mesh3 eigenvalue 
init MUMPS_SEQ: MPI_Init

 *** Warning  The identifier dist hide a Global identifier  
 load: iovtk 

 *** Warning  The identifier z hide a Global identifier  

 *** Warning  The identifier y hide a Global identifier  
 (already loaded: iovtk) sizestack + 1024 =53416  ( 52392 )

running time: 0.00013  get k
lambda = 0.0418879
wave number = 150
height = 1, length = 1, lengthpml = 0.00570342, layerspml = 3
nppwl = 21.9889, h = 0.00190114, k to (-1-1/2p) = 0.00190496
  -- Square mesh : nb vertices  =284089 ,  nb triangles = 566048 ,  nb boundary edges 2128
running time: 0.090718  get mesh
 0x5579acb76040 VTK_FILE 2
running time: 1.94927  define forms
running time: 17.1076  assemble A(1134225,1134225)
running time: 17.8691  assemble rhs
running time: 17.8691  direct solve
setting up dd preconditioner.....
 num of subdomains: 8, overlaps: 14, length of overlaps: 0.026616
                     , gaps: 5, length of gaps: 0.0095057
running time: 53.8541  settup dd
done! setting up dd preconditioner.....
Stationary iteration:
error = [0, 4556.9, 4539.1, 4539.09, 4539.09]
res = [9.52349e-05, 2.24951e-05, 2.0597e-07, 9.39979e-10, 8.62767e-12]
StationaryIterate has converged in 4 iterations 
The relative residual is 9.05936e-08
running time: 88.475  fixed point done
done! fixed point solve.....
log runing arguments:
FreeFem++  HelmPMLDD.edp  -ns  -nw  -lengthoverlaps  0.025  -lengthpml  0.0125  -gmres  0  -apml  5000  -wavenumber  150  -npart  8  -sweep4  -primal  -DDS=1  -DNN=1  -DDA=1  -DPOU=1  -tol  1.e-6  
running time: 91.2823
close  MUMPS_SEQ: MPI_Finalize
-- FreeFem++ v4.13 (2024年 01月 20日 星期六 00:49:06 CST - git no git)
   file : HelmPMLDD.edp
 Load: lg_fem lg_mesh lg_mesh3 eigenvalue 
init MUMPS_SEQ: MPI_Init

 *** Warning  The identifier dist hide a Global identifier  
 load: iovtk 

 *** Warning  The identifier z hide a Global identifier  

 *** Warning  The identifier y hide a Global identifier  
 (already loaded: iovtk) sizestack + 1024 =53416  ( 52392 )

running time: 0.000125  get k
lambda = 0.0314159
wave number = 200
height = 1, length = 1, lengthpml = 0.00397878, layerspml = 3
nppwl = 23.6286, h = 0.00132626, k to (-1-1/2p) = 0.00132957
  -- Square mesh : nb vertices  =579121 ,  nb triangles = 1155200 ,  nb boundary edges 3040
running time: 0.145727  get mesh
 0x558ba2bda040 VTK_FILE 2
running time: 3.89566  define forms
running time: 35.2731  assemble A(2313441,2313441)
running time: 36.834  assemble rhs
running time: 36.834  direct solve
setting up dd preconditioner.....
 num of subdomains: 8, overlaps: 19, length of overlaps: 0.0251989
                     , gaps: 6, length of gaps: 0.00795756
running time: 110.095  settup dd
done! setting up dd preconditioner.....
Stationary iteration:
error = [0, 7519.77, 7488.65, 7488.83, 7488.83]
res = [5.74553e-05, 1.59316e-05, 2.59008e-07, 1.75781e-09, 2.82029e-11]
StationaryIterate has converged in 4 iterations 
The relative residual is 4.90867e-07
running time: 192.573  fixed point done
done! fixed point solve.....
log runing arguments:
FreeFem++  HelmPMLDD.edp  -ns  -nw  -lengthoverlaps  0.025  -lengthpml  0.0125  -gmres  0  -apml  5000  -wavenumber  200  -npart  8  -sweep4  -primal  -DDS=1  -DNN=1  -DDA=1  -DPOU=1  -tol  1.e-6  
running time: 198.179
close  MUMPS_SEQ: MPI_Finalize
-- FreeFem++ v4.13 (2024年 01月 20日 星期六 00:49:06 CST - git no git)
   file : HelmPMLDD.edp
 Load: lg_fem lg_mesh lg_mesh3 eigenvalue 
init MUMPS_SEQ: MPI_Init

 *** Warning  The identifier dist hide a Global identifier  
 load: iovtk 

 *** Warning  The identifier z hide a Global identifier  

 *** Warning  The identifier y hide a Global identifier  
 (already loaded: iovtk) sizestack + 1024 =53416  ( 52392 )

running time: 0.000126  get k
lambda = 0.0251327
wave number = 250
height = 1, length = 1, lengthpml = 0.00301205, layerspml = 3
nppwl = 24.9842, h = 0.00100402, k to (-1-1/2p) = 0.00100595
  -- Square mesh : nb vertices  =1006009 ,  nb triangles = 2008008 ,  nb boundary edges 4008
running time: 0.286098  get mesh
 0x55a8f99cd020 VTK_FILE 2
running time: 6.96452  define forms
running time: 61.6898  assemble A(4020025,4020025)
running time: 64.3944  assemble rhs
running time: 64.3944  direct solve
setting up dd preconditioner.....
 num of subdomains: 8, overlaps: 25, length of overlaps: 0.0251004
                     , gaps: 8, length of gaps: 0.00803213
running time: 192.241  settup dd
done! setting up dd preconditioner.....
Stationary iteration:
error = [0, 11079, 11038.9, 11038.9, 11038.9, 11038.9]
res = [3.88752e-05, 1.10056e-05, 2.46589e-07, 2.0945e-09, 5.05921e-11, 6.65784e-13]
StationaryIterate has converged in 5 iterations 
The relative residual is 1.71262e-08
running time: 370.075  fixed point done
done! fixed point solve.....
log runing arguments:
FreeFem++  HelmPMLDD.edp  -ns  -nw  -lengthoverlaps  0.025  -lengthpml  0.0125  -gmres  0  -apml  5000  -wavenumber  250  -npart  8  -sweep4  -primal  -DDS=1  -DNN=1  -DDA=1  -DPOU=1  -tol  1.e-6  
running time: 379.883
close  MUMPS_SEQ: MPI_Finalize
-- FreeFem++ v4.13 (2024年 01月 20日 星期六 00:49:06 CST - git no git)
   file : HelmPMLDD.edp
 Load: lg_fem lg_mesh lg_mesh3 eigenvalue 
init MUMPS_SEQ: MPI_Init

 *** Warning  The identifier dist hide a Global identifier  
 load: iovtk 

 *** Warning  The identifier z hide a Global identifier  

 *** Warning  The identifier y hide a Global identifier  
 (already loaded: iovtk) sizestack + 1024 =53416  ( 52392 )

running time: 0.000123  get k
lambda = 0.020944
wave number = 300
height = 1, length = 1, lengthpml = 0.0024, layerspml = 3
nppwl = 26.1493, h = 0.0008, k to (-1-1/2p) = 0.000800937
  -- Square mesh : nb vertices  =1578792 ,  nb triangles = 3152560 ,  nb boundary edges 5022
running time: 0.434515  get mesh
 0x56065a458040 VTK_FILE 2
running time: 10.9983  define forms
running time: 99.9491  assemble A(6310143,6310143)
running time: 104.212  assemble rhs
running time: 104.212  direct solve
setting up dd preconditioner.....
 num of subdomains: 8, overlaps: 32, length of overlaps: 0.0256
                     , gaps: 10, length of gaps: 0.008
running time: 309.407  settup dd
done! setting up dd preconditioner.....
Stationary iteration:
error = [0, 15260.9, 15165.9, 15163.1, 15163, 15163, 15163]
res = [2.8276e-05, 1.80972e-05, 1.5994e-06, 5.70246e-08, 3.40758e-09, 2.56855e-10, 1.28326e-11]
StationaryIterate has converged in 6 iterations 
The relative residual is 4.53835e-07
running time: 651.207  fixed point done
done! fixed point solve.....
log runing arguments:
FreeFem++  HelmPMLDD.edp  -ns  -nw  -lengthoverlaps  0.025  -lengthpml  0.0125  -gmres  0  -apml  5000  -wavenumber  300  -npart  8  -sweep4  -primal  -DDS=1  -DNN=1  -DDA=1  -DPOU=1  -tol  1.e-6  
running time: 666.474
close  MUMPS_SEQ: MPI_Finalize
-- FreeFem++ v4.13 (2024年 01月 20日 星期六 00:49:06 CST - git no git)
   file : HelmPMLDD.edp
 Load: lg_fem lg_mesh lg_mesh3 eigenvalue 
init MUMPS_SEQ: MPI_Init

 *** Warning  The identifier dist hide a Global identifier  
 load: iovtk 

 *** Warning  The identifier z hide a Global identifier  

 *** Warning  The identifier y hide a Global identifier  
 (already loaded: iovtk) sizestack + 1024 =53416  ( 52392 )

running time: 0.000129  get k
lambda = 0.017952
wave number = 350
height = 1, length = 1, lengthpml = 0.00198151, layerspml = 3
nppwl = 27.1767, h = 0.000660502, k to (-1-1/2p) = 0.000660564
  -- Square mesh : nb vertices  =2313441 ,  nb triangles = 4620800 ,  nb boundary edges 6080
running time: 0.635772  get mesh
 0x557d42cd2040 VTK_FILE 2
running time: 17.1991  define forms
running time: 145.067  assemble A(9247681,9247681)
running time: 151.32  assemble rhs
running time: 151.32  direct solve
setting up dd preconditioner.....
 num of subdomains: 8, overlaps: 38, length of overlaps: 0.0250991
                     , gaps: 12, length of gaps: 0.00792602
running time: 463.352  settup dd
done! setting up dd preconditioner.....
Stationary iteration:
error = [0, 19879.8, 19849.2, 19848.8, 19848.8, 19848.8]
res = [2.15992e-05, 6.84656e-06, 1.96091e-07, 2.99778e-09, 9.32043e-11, 2.32236e-12]
StationaryIterate has converged in 5 iterations 
The relative residual is 1.07521e-07
running time: 985.869  fixed point done
done! fixed point solve.....
log runing arguments:
FreeFem++  HelmPMLDD.edp  -ns  -nw  -lengthoverlaps  0.025  -lengthpml  0.0125  -gmres  0  -apml  5000  -wavenumber  350  -npart  8  -sweep4  -primal  -DDS=1  -DNN=1  -DDA=1  -DPOU=1  -tol  1.e-6  
running time: 1008.33
close  MUMPS_SEQ: MPI_Finalize
-- FreeFem++ v4.13 (2024年 01月 20日 星期六 00:49:06 CST - git no git)
   file : HelmPMLDD.edp
 Load: lg_fem lg_mesh lg_mesh3 eigenvalue 
init MUMPS_SEQ: MPI_Init

 *** Warning  The identifier dist hide a Global identifier  
 load: iovtk 

 *** Warning  The identifier z hide a Global identifier  

 *** Warning  The identifier y hide a Global identifier  
 (already loaded: iovtk) sizestack + 1024 =53416  ( 52392 )

running time: 0.000123  get k
lambda = 0.0628319
wave number = 100
height = 1, length = 1, lengthpml = 0.00943396, layerspml = 3
nppwl = 19.8692, h = 0.00314465, k to (-1-1/2p) = 0.00316228
  -- Square mesh : nb vertices  =105625 ,  nb triangles = 209952 ,  nb boundary edges 1296
running time: 0.029532  get mesh
 0x5632054fe040 VTK_FILE 2
running time: 0.679004  define forms
running time: 6.0661  assemble A(421201,421201)
running time: 6.34639  assemble rhs
running time: 6.34639  direct solve
setting up dd preconditioner.....
 num of subdomains: 8, overlaps: 1, length of overlaps: 0.00314465
                     , gaps: 1, length of gaps: 0.00314465
running time: 16.8441  settup dd
done! setting up dd preconditioner.....
Stationary iteration:
error = [0, 2231.5, 2254.27, 2254.69, 2254.69, 2254.69, 2254.69]
res = [0.000193574, 0.000571831, 2.95714e-05, 6.81249e-07, 1.33752e-08, 5.82696e-10, 1.61215e-11]
StationaryIterate has converged in 6 iterations 
The relative residual is 8.32837e-08
running time: 27.5038  fixed point done
done! fixed point solve.....
log runing arguments:
FreeFem++  HelmPMLDD.edp  -ns  -nw  -overlaps  1  -lengthpml  0.025  -gmres  0  -apml  5000  -wavenumber  100  -npart  8  -sweep4  -primal  -DDS=1  -DNN=1  -DDA=1  -DPOU=1  -tol  1.e-6  
running time: 28.5256
close  MUMPS_SEQ: MPI_Finalize
-- FreeFem++ v4.13 (2024年 01月 20日 星期六 00:49:06 CST - git no git)
   file : HelmPMLDD.edp
 Load: lg_fem lg_mesh lg_mesh3 eigenvalue 
init MUMPS_SEQ: MPI_Init

 *** Warning  The identifier dist hide a Global identifier  
 load: iovtk 

 *** Warning  The identifier z hide a Global identifier  

 *** Warning  The identifier y hide a Global identifier  
 (already loaded: iovtk) sizestack + 1024 =53416  ( 52392 )

running time: 0.000149  get k
lambda = 0.0418879
wave number = 150
height = 1, length = 1, lengthpml = 0.00570342, layerspml = 3
nppwl = 21.9889, h = 0.00190114, k to (-1-1/2p) = 0.00190496
  -- Square mesh : nb vertices  =284089 ,  nb triangles = 566048 ,  nb boundary edges 2128
running time: 0.095191  get mesh
 0x55fc5e702040 VTK_FILE 2
running time: 2.24471  define forms
running time: 17.2894  assemble A(1134225,1134225)
running time: 18.0534  assemble rhs
running time: 18.0534  direct solve
setting up dd preconditioner.....
 num of subdomains: 8, overlaps: 1, length of overlaps: 0.00190114
                     , gaps: 1, length of gaps: 0.00190114
running time: 45.775  settup dd
done! setting up dd preconditioner.....
Stationary iteration:
error = [0, 4468.71, 4534.67, 4539.16, 4539.11, 4539.09, 4539.09, 4539.09, 4539.09]
res = [9.52349e-05, 0.000523092, 6.64839e-05, 5.83593e-06, 3.75629e-07, 2.13746e-08, 1.95971e-09, 1.85592e-10, 1.37222e-11]
StationaryIterate has converged in 8 iterations 
The relative residual is 1.44088e-07
running time: 83.8059  fixed point done
done! fixed point solve.....
log runing arguments:
FreeFem++  HelmPMLDD.edp  -ns  -nw  -overlaps  1  -lengthpml  0.025  -gmres  0  -apml  5000  -wavenumber  150  -npart  8  -sweep4  -primal  -DDS=1  -DNN=1  -DDA=1  -DPOU=1  -tol  1.e-6  
running time: 86.5217
close  MUMPS_SEQ: MPI_Finalize
-- FreeFem++ v4.13 (2024年 01月 20日 星期六 00:49:06 CST - git no git)
   file : HelmPMLDD.edp
 Load: lg_fem lg_mesh lg_mesh3 eigenvalue 
init MUMPS_SEQ: MPI_Init

 *** Warning  The identifier dist hide a Global identifier  
 load: iovtk 

 *** Warning  The identifier z hide a Global identifier  

 *** Warning  The identifier y hide a Global identifier  
 (already loaded: iovtk) sizestack + 1024 =53416  ( 52392 )

running time: 0.000136  get k
lambda = 0.0314159
wave number = 200
height = 1, length = 1, lengthpml = 0.00397878, layerspml = 3
nppwl = 23.6286, h = 0.00132626, k to (-1-1/2p) = 0.00132957
  -- Square mesh : nb vertices  =579121 ,  nb triangles = 1155200 ,  nb boundary edges 3040
running time: 0.193326  get mesh
 0x55eb2ab10040 VTK_FILE 2
running time: 4.62131  define forms
running time: 36.3426  assemble A(2313441,2313441)
running time: 37.9002  assemble rhs
running time: 37.9002  direct solve
setting up dd preconditioner.....
 num of subdomains: 8, overlaps: 1, length of overlaps: 0.00132626
                     , gaps: 1, length of gaps: 0.00132626
running time: 94.6066  settup dd
done! setting up dd preconditioner.....
Stationary iteration:
error = [0, 7341.74, 7471.5, 7487.94, 7488.94, 7488.84, 7488.83, 7488.83, 7488.83, 7488.83, 7488.83]
res = [5.74553e-05, 0.000462267, 8.86994e-05, 1.46679e-05, 1.88361e-06, 2.18777e-07, 2.46679e-08, 3.41922e-09, 5.61248e-10, 8.24913e-11, 1.07363e-11]
StationaryIterate has converged in 10 iterations 
The relative residual is 1.86863e-07
running time: 202.122  fixed point done
done! fixed point solve.....
log runing arguments:
FreeFem++  HelmPMLDD.edp  -ns  -nw  -overlaps  1  -lengthpml  0.025  -gmres  0  -apml  5000  -wavenumber  200  -npart  8  -sweep4  -primal  -DDS=1  -DNN=1  -DDA=1  -DPOU=1  -tol  1.e-6  
running time: 207.703
close  MUMPS_SEQ: MPI_Finalize
-- FreeFem++ v4.13 (2024年 01月 20日 星期六 00:49:06 CST - git no git)
   file : HelmPMLDD.edp
 Load: lg_fem lg_mesh lg_mesh3 eigenvalue 
init MUMPS_SEQ: MPI_Init

 *** Warning  The identifier dist hide a Global identifier  
 load: iovtk 

 *** Warning  The identifier z hide a Global identifier  

 *** Warning  The identifier y hide a Global identifier  
 (already loaded: iovtk) sizestack + 1024 =53416  ( 52392 )

running time: 0.000127  get k
lambda = 0.0251327
wave number = 250
height = 1, length = 1, lengthpml = 0.00301205, layerspml = 3
nppwl = 24.9842, h = 0.00100402, k to (-1-1/2p) = 0.00100595
  -- Square mesh : nb vertices  =1006009 ,  nb triangles = 2008008 ,  nb boundary edges 4008
running time: 0.31918  get mesh
 0x561c98c1f020 VTK_FILE 2
running time: 6.90655  define forms
running time: 61.6288  assemble A(4020025,4020025)
running time: 64.3341  assemble rhs
running time: 64.3341  direct solve
setting up dd preconditioner.....
 num of subdomains: 8, overlaps: 1, length of overlaps: 0.00100402
                     , gaps: 1, length of gaps: 0.00100402
running time: 163.408  settup dd
done! setting up dd preconditioner.....
Stationary iteration:
error = [0, 10788.2, 10996.6, 11033.4, 11038.7, 11038.9, 11038.9, 11038.9, 11038.9, 11038.9, 11038.9, 11038.9]
res = [3.88752e-05, 0.000410168, 9.74242e-05, 2.31962e-05, 4.46635e-06, 7.44922e-07, 1.25637e-07, 2.22674e-08, 4.28691e-09, 9.21449e-10, 1.94238e-10, 3.83208e-11]
StationaryIterate has converged in 11 iterations 
The relative residual is 9.8574e-07
running time: 378.117  fixed point done
done! fixed point solve.....
log runing arguments:
FreeFem++  HelmPMLDD.edp  -ns  -nw  -overlaps  1  -lengthpml  0.025  -gmres  0  -apml  5000  -wavenumber  250  -npart  8  -sweep4  -primal  -DDS=1  -DNN=1  -DDA=1  -DPOU=1  -tol  1.e-6  
running time: 387.825
close  MUMPS_SEQ: MPI_Finalize
-- FreeFem++ v4.13 (2024年 01月 20日 星期六 00:49:06 CST - git no git)
   file : HelmPMLDD.edp
 Load: lg_fem lg_mesh lg_mesh3 eigenvalue 
init MUMPS_SEQ: MPI_Init

 *** Warning  The identifier dist hide a Global identifier  
 load: iovtk 

 *** Warning  The identifier z hide a Global identifier  

 *** Warning  The identifier y hide a Global identifier  
 (already loaded: iovtk) sizestack + 1024 =53416  ( 52392 )

running time: 0.000141  get k
lambda = 0.020944
wave number = 300
height = 1, length = 1, lengthpml = 0.0024, layerspml = 3
nppwl = 26.1493, h = 0.0008, k to (-1-1/2p) = 0.000800937
  -- Square mesh : nb vertices  =1578792 ,  nb triangles = 3152560 ,  nb boundary edges 5022
running time: 0.465509  get mesh
 0x5601cf7ca040 VTK_FILE 2
running time: 11.3208  define forms
running time: 100.83  assemble A(6310143,6310143)
running time: 105.087  assemble rhs
running time: 105.087  direct solve
setting up dd preconditioner.....
 num of subdomains: 8, overlaps: 1, length of overlaps: 0.0008
                     , gaps: 1, length of gaps: 0.0008
running time: 266.74  settup dd
done! setting up dd preconditioner.....
Stationary iteration:
error = [0, 14606.7, 15100.4, 15140.2, 15155.4, 15161.2, 15162.8, 15163.1, 15163.1, 15163, 15163, 15163, 15163, 15163, 15163, 15163, 15163, 15163]
res = [2.8276e-05, 0.000529557, 0.000177022, 7.04583e-05, 2.72971e-05, 9.65653e-06, 3.00021e-06, 8.05634e-07, 1.91118e-07, 4.87062e-08, 1.75881e-08, 7.1562e-09, 2.74945e-09, 9.82901e-10, 3.28552e-10, 1.03189e-10, 3.08159e-11, 9.02444e-12]
StationaryIterate has converged in 17 iterations 
The relative residual is 3.19156e-07
running time: 798.02  fixed point done
done! fixed point solve.....
log runing arguments:
FreeFem++  HelmPMLDD.edp  -ns  -nw  -overlaps  1  -lengthpml  0.025  -gmres  0  -apml  5000  -wavenumber  300  -npart  8  -sweep4  -primal  -DDS=1  -DNN=1  -DDA=1  -DPOU=1  -tol  1.e-6  
running time: 813.203
close  MUMPS_SEQ: MPI_Finalize
-- FreeFem++ v4.13 (2024年 01月 20日 星期六 00:49:06 CST - git no git)
   file : HelmPMLDD.edp
 Load: lg_fem lg_mesh lg_mesh3 eigenvalue 
init MUMPS_SEQ: MPI_Init

 *** Warning  The identifier dist hide a Global identifier  
 load: iovtk 

 *** Warning  The identifier z hide a Global identifier  

 *** Warning  The identifier y hide a Global identifier  
 (already loaded: iovtk) sizestack + 1024 =53416  ( 52392 )

running time: 0.000132  get k
lambda = 0.017952
wave number = 350
height = 1, length = 1, lengthpml = 0.00198151, layerspml = 3
nppwl = 27.1767, h = 0.000660502, k to (-1-1/2p) = 0.000660564
  -- Square mesh : nb vertices  =2313441 ,  nb triangles = 4620800 ,  nb boundary edges 6080
running time: 0.602601  get mesh
 0x55f119eda040 VTK_FILE 2
running time: 16.4229  define forms
running time: 143.441  assemble A(9247681,9247681)
running time: 149.682  assemble rhs
running time: 149.682  direct solve
setting up dd preconditioner.....
 num of subdomains: 8, overlaps: 1, length of overlaps: 0.000660502
                     , gaps: 1, length of gaps: 0.000660502
running time: 379.941  settup dd
done! setting up dd preconditioner.....
Stationary iteration:
error = [0, 19287.9, 19718.2, 19816.6, 19842.9, 19848.3, 19848.8, 19848.8, 19848.8, 19848.8, 19848.8, 19848.8, 19848.8, 19848.8, 19848.8, 19848.8]
res = [2.15992e-05, 0.000328427, 9.7638e-05, 3.41962e-05, 1.05904e-05, 2.79816e-06, 6.49474e-07, 1.58473e-07, 4.78473e-08, 1.48737e-08, 4.35585e-09, 1.26442e-09, 3.73927e-10, 1.11855e-10, 3.36757e-11, 1.00616e-11]
StationaryIterate has converged in 15 iterations 
The relative residual is 4.65831e-07
running time: 1067.89  fixed point done
done! fixed point solve.....
log runing arguments:
FreeFem++  HelmPMLDD.edp  -ns  -nw  -overlaps  1  -lengthpml  0.025  -gmres  0  -apml  5000  -wavenumber  350  -npart  8  -sweep4  -primal  -DDS=1  -DNN=1  -DDA=1  -DPOU=1  -tol  1.e-6  
running time: 1089.98
close  MUMPS_SEQ: MPI_Finalize
