Hello World!
-- FreeFem++ v4.13 (2024年 01月 20日 星期六 00:49:06 CST - git no git)
   file : HelmPMLDDcheckerboard.edp
 Load: lg_fem lg_mesh lg_mesh3 eigenvalue 

 *** Warning  The identifier z hide a Global identifier  

 *** Warning  The identifier y hide a Global identifier  
 sizestack + 1024 =26464  ( 25440 )

running time: 0.000135  get k
lambda = 0.15708
wave number = 40
height = 1, length = 1, lengthpml = 0.0294118, layerspml = 3
nppwl = 15.8014, h = 0.00980392, k to (-1-1/2p) = 0.00994088
  -- Square mesh : nb vertices  =11881 ,  nb triangles = 23328 ,  nb boundary edges 432
running time: 0.003618  get mesh
running time: 0.044016  define forms
running time: 0.30978  assemble A(47089,47089)
running time: 0.332987  assemble rhs
running time: 0.33299  direct solve
setting up dd preconditioner.....
 num of subdomains: 4, overlaps: 3, length of overlaps: 0.0294118
running time: 1.00839  settup dd
done! setting up dd preconditioner.....
Gmres:
 r = [ 0.000321793, 0.000147428, 2.08458e-05, 2.00322e-06, 1.48608e-07, 5.57535e-09, 6.81657e-10, 2.00136e-11, 4.61572e-13, 4.1313e-14, 3.21747e-15, 2.70813e-16];
GMRES has converged in resudual 10 iterations 
The relative residual is 8.41576e-13
Stationary iteration:
error = [0, 65.6573, 57.6955, 58.368, 58.1002, 58.1151, 58.1121, 58.1123, 58.1125, 58.1125, 58.1125, 58.1125, 58.1125, 58.1125, 58.1125, 58.1125, 58.1125, 58.1125]
res = [0.000353957, 0.000199354, 3.94368e-05, 4.3142e-06, 7.63491e-07, 8.86139e-08, 1.88099e-08, 2.70063e-09, 5.50549e-10, 8.07464e-11, 1.7279e-11, 2.53612e-12, 5.17236e-13, 8.01087e-14, 1.59087e-14, 2.53679e-15, 4.91061e-16, 8.32789e-17]
StationaryIterate has converged in 17 iterations 
The relative residual is 2.3528e-13
58.1125/0 : d d d
  current line = 375
 call StationaryIterateNew  at  line 302
Exec error :  Div by 0
   -- number :1
Exec error :  Div by 0
   -- number :1
 err code 8 ,  mpirank 0
-- FreeFem++ v4.13 (2024年 01月 20日 星期六 00:49:06 CST - git no git)
   file : HelmPMLDDcheckerboard.edp
 Load: lg_fem lg_mesh lg_mesh3 eigenvalue 

 *** Warning  The identifier z hide a Global identifier  

 *** Warning  The identifier y hide a Global identifier  
 sizestack + 1024 =26464  ( 25440 )

running time: 0.000108  get k
lambda = 0.15708
wave number = 40
height = 1, length = 1, lengthpml = 0.0294118, layerspml = 3
nppwl = 15.8014, h = 0.00980392, k to (-1-1/2p) = 0.00994088
  -- Square mesh : nb vertices  =11881 ,  nb triangles = 23328 ,  nb boundary edges 432
running time: 0.003606  get mesh
running time: 0.03289  define forms
running time: 0.278476  assemble A(47089,47089)
running time: 0.301691  assemble rhs
running time: 0.301694  direct solve
setting up dd preconditioner.....
 num of subdomains: 16, overlaps: 3, length of overlaps: 0.0294118
running time: 1.31386  settup dd
done! setting up dd preconditioner.....
Gmres:
 r = [ 0.000184104, 0.00030231, 0.000223071, 5.70755e-05, 3.30676e-05, 1.23244e-05, 4.37518e-06, 1.72555e-06, 7.42985e-07, 2.80979e-07, 1.04716e-07, 5.60691e-08, 2.74388e-08, 8.7069e-09, 3.46836e-09, 1.6553e-09, 6.49888e-10, 2.98027e-10, 1.34117e-10, 5.68084e-11, 2.11978e-11, 7.56215e-12, 3.4383e-12, 1.60164e-12, 6.03266e-13, 2.10692e-13, 9.09737e-14, 4.11306e-14, 1.82093e-14, 7.27695e-15, 2.86462e-15, 1.25768e-15, 4.76242e-16, 1.65792e-16];
GMRES has converged in resudual 32 iterations 
The relative residual is 9.00536e-13
Stationary iteration:
error = [0, 45.4401, 58.3098, 58.9403, 57.1603, 58.0459, 58.2041, 58.3683, 58.1109, 58.0837, 58.103, 58.127, 58.1193, 58.1058, 58.1116, 58.1126, 58.1137, 58.1121, 58.1123, 58.1125, 58.1126, 58.1125, 58.1125, 58.1125, 58.1125, 58.1125, 58.1125, 58.1125, 58.1125, 58.1125, 58.1125, 58.1125, 58.1125, 58.1125, 58.1125, 58.1125, 58.1125, 58.1125, 58.1125, 58.1125, 58.1125, 58.1125, 58.1125, 58.1125, 58.1125, 58.1125, 58.1125, 58.1125, 58.1125, 58.1125, 58.1125, 58.1125, 58.1125, 58.1125, 58.1125, 58.1125, 58.1125, 58.1125, 58.1125]
res = [0.000353957, 0.000676826, 0.000412558, 0.000124816, 7.05376e-05, 5.16287e-05, 2.72591e-05, 1.3223e-05, 6.95303e-06, 4.39302e-06, 2.97585e-06, 1.65833e-06, 7.70972e-07, 4.59955e-07, 3.12701e-07, 1.81654e-07, 9.58443e-08, 5.22907e-08, 3.47972e-08, 2.27746e-08, 1.22577e-08, 6.35061e-09, 4.02451e-09, 2.69563e-09, 1.6687e-09, 9.56568e-10, 5.74024e-10, 3.76461e-10, 2.37477e-10, 1.41175e-10, 8.57563e-11, 5.53254e-11, 3.61914e-11, 2.29644e-11, 1.43231e-11, 9.09113e-12, 5.84655e-12, 3.73374e-12, 2.37134e-12, 1.51584e-12, 9.7732e-13, 6.29557e-13, 4.02884e-13, 2.57343e-13, 1.64961e-13, 1.06069e-13, 6.82278e-14, 4.3871e-14, 2.82177e-14, 1.81502e-14, 1.16604e-14, 7.48225e-15, 4.80276e-15, 3.08685e-15, 1.98539e-15, 1.27777e-15, 8.22988e-16, 5.29242e-16, 3.4094e-16]
StationaryIterate has converged in 58 iterations 
The relative residual is 9.63223e-13
58.1125/0 : d d d
  current line = 375
 call StationaryIterateNew  at  line 302
Exec error :  Div by 0
   -- number :1
Exec error :  Div by 0
   -- number :1
 err code 8 ,  mpirank 0
-- FreeFem++ v4.13 (2024年 01月 20日 星期六 00:49:06 CST - git no git)
   file : HelmPMLDDcheckerboard.edp
 Load: lg_fem lg_mesh lg_mesh3 eigenvalue 

 *** Warning  The identifier z hide a Global identifier  

 *** Warning  The identifier y hide a Global identifier  
 sizestack + 1024 =26464  ( 25440 )

running time: 9.8e-05  get k
lambda = 0.15708
wave number = 40
height = 1, length = 1, lengthpml = 0.0294118, layerspml = 3
nppwl = 15.8014, h = 0.00980392, k to (-1-1/2p) = 0.00994088
  -- Square mesh : nb vertices  =11881 ,  nb triangles = 23328 ,  nb boundary edges 432
running time: 0.002671  get mesh
running time: 0.031339  define forms
running time: 0.273914  assemble A(47089,47089)
running time: 0.296982  assemble rhs
running time: 0.296985  direct solve
setting up dd preconditioner.....
 num of subdomains: 64, overlaps: 3, length of overlaps: 0.0294118
running time: 2.18974  settup dd
done! setting up dd preconditioner.....
Gmres:
 r = [ 0.000181206, 0.000304056, 0.000270558, 0.000246173, 0.000210237, 0.000148369, 6.65648e-05, 3.87001e-05, 2.03136e-05, 1.35623e-05, 9.11204e-06, 6.69298e-06, 4.65299e-06, 2.80278e-06, 1.63271e-06, 9.52697e-07, 6.04717e-07, 3.85134e-07, 2.3907e-07, 1.641e-07, 1.13848e-07, 7.01891e-08, 4.45973e-08, 2.50468e-08, 1.56879e-08, 9.69408e-09, 6.22624e-09, 3.72018e-09, 2.44811e-09, 1.4945e-09, 9.5538e-10, 6.15372e-10, 3.51439e-10, 2.12812e-10, 1.40517e-10, 8.44822e-11, 4.45206e-11, 2.58173e-11, 1.46528e-11, 9.20991e-12, 6.11927e-12, 3.80359e-12, 2.33977e-12, 1.46763e-12, 9.20702e-13, 6.17303e-13, 4.05019e-13, 2.55423e-13, 1.46198e-13, 8.17258e-14, 4.78774e-14, 2.7888e-14, 1.90148e-14, 1.21802e-14, 7.43573e-15, 4.29168e-15, 2.55971e-15, 1.62187e-15, 9.42582e-16, 6.01844e-16, 3.70017e-16, 2.01318e-16, 1.22356e-16];
GMRES has converged in resudual 61 iterations 
The relative residual is 6.7523e-13
Stationary iteration:
error = [0, 31.7325, 42.3814, 51.2764, 61.2692, 60.536, 57.92, 58.2314, 57.8056, 58.1834, 58.7488, 58.3657, 58.2206, 58.1769, 58.3995, 58.2998, 58.0111, 58.2545, 58.2665, 58.0936, 58.0563, 58.2903, 58.2169, 58.0199, 58.1333, 58.2764, 58.1284, 58.0218, 58.2035, 58.2202, 58.0701, 58.0678, 58.2229, 58.1672, 58.039, 58.1253, 58.212, 58.1128, 58.0492, 58.1637, 58.1837, 58.0735, 58.0809, 58.1812, 58.1445, 58.0592, 58.1171, 58.1773, 58.1075, 58.0678, 58.1443, 58.1579, 58.0827, 58.0898, 58.1569, 58.1314, 58.0748, 58.1142, 58.1549, 58.1067, 58.0814, 58.133, 58.1417, 58.0909, 58.0965, 58.1418, 58.1238, 58.0862, 58.1132, 58.1404, 58.1075, 58.0911, 58.126, 58.1314, 58.0971, 58.1015, 58.132, 58.1194, 58.0943, 58.1129, 58.1309, 58.1085, 58.0979, 58.1216, 58.1248, 58.1017, 58.1051, 58.1256, 58.1167, 58.1, 58.1128, 58.1248, 58.1095, 58.1026, 58.1187, 58.1206, 58.105, 58.1075, 58.1213, 58.1151, 58.104, 58.1128, 58.1207, 58.1103, 58.1058, 58.1167, 58.1178, 58.1073, 58.1092, 58.1184, 58.1141, 58.1067, 58.1128, 58.118, 58.1109, 58.108, 58.1154, 58.116, 58.1089, 58.1103, 58.1165, 58.1135, 58.1086, 58.1127, 58.1162, 58.1113, 58.1095, 58.1145, 58.1148, 58.1101, 58.1111, 58.1152, 58.1131, 58.1098, 58.1127, 58.115, 58.1117, 58.1105, 58.1139, 58.114, 58.1108, 58.1115, 58.1143, 58.1129, 58.1107, 58.1126, 58.1141, 58.1119, 58.1111, 58.1134, 58.1135, 58.1113, 58.1119, 58.1137, 58.1127, 58.1113, 58.1126, 58.1136, 58.1121, 58.1116, 58.1131, 58.1132, 58.1117, 58.1121, 58.1133, 58.1126, 58.1117, 58.1126, 58.1132, 58.1122, 58.1119, 58.1129, 58.1129, 58.112, 58.1122, 58.1131, 58.1126, 58.1119, 58.1126, 58.113, 58.1123, 58.1121, 58.1128, 58.1128, 58.1121, 58.1123, 58.1129, 58.1125, 58.1121, 58.1125, 58.1128, 58.1123, 58.1122, 58.1127, 58.1127, 58.1122, 58.1124, 58.1128, 58.1125, 58.1122, 58.1125]
res = [0.000353957, 0.000703977, 0.000750441, 0.000829666, 0.000692527, 0.000470084, 0.000246272, 0.000163974, 0.000143844, 0.000145108, 0.000132885, 0.000136005, 0.000128496, 0.000117565, 0.000115084, 0.000111636, 0.000106699, 0.000100128, 9.23906e-05, 8.91135e-05, 8.82429e-05, 8.56289e-05, 8.33053e-05, 7.95005e-05, 7.5494e-05, 7.26563e-05, 7.08375e-05, 6.87567e-05, 6.6146e-05, 6.32478e-05, 6.08029e-05, 5.87813e-05, 5.7067e-05, 5.519e-05, 5.31094e-05, 5.10502e-05, 4.91544e-05, 4.75355e-05, 4.60138e-05, 4.44292e-05, 4.27808e-05, 4.12074e-05, 3.97378e-05, 3.84041e-05, 3.71046e-05, 3.5802e-05, 3.44987e-05, 3.32551e-05, 3.20895e-05, 3.09912e-05, 2.99226e-05, 2.88623e-05, 2.78293e-05, 2.68395e-05, 2.59043e-05, 2.50061e-05, 2.41351e-05, 2.32804e-05, 2.24547e-05, 2.16625e-05, 2.09062e-05, 2.01769e-05, 1.94694e-05, 1.87821e-05, 1.81185e-05, 1.74818e-05, 1.68697e-05, 1.62794e-05, 1.5707e-05, 1.51537e-05, 1.46197e-05, 1.41065e-05, 1.36119e-05, 1.31345e-05, 1.26727e-05, 1.22267e-05, 1.17967e-05, 1.13825e-05, 1.09831e-05, 1.05974e-05, 1.02249e-05, 9.86525e-06, 9.51858e-06, 9.18428e-06, 8.86186e-06, 8.55051e-06, 8.24998e-06, 7.95996e-06, 7.68029e-06, 7.41054e-06, 7.15026e-06, 6.89903e-06, 6.65656e-06, 6.42264e-06, 6.19699e-06, 5.97932e-06, 5.76926e-06, 5.56655e-06, 5.37093e-06, 5.18222e-06, 5.00015e-06, 4.8245e-06, 4.655e-06, 4.49144e-06, 4.33362e-06, 4.18135e-06, 4.03445e-06, 3.89271e-06, 3.75594e-06, 3.62397e-06, 3.49664e-06, 3.37379e-06, 3.25525e-06, 3.14088e-06, 3.03053e-06, 2.92405e-06, 2.82131e-06, 2.72219e-06, 2.62655e-06, 2.53427e-06, 2.44522e-06, 2.35931e-06, 2.27642e-06, 2.19644e-06, 2.11927e-06, 2.04481e-06, 1.97296e-06, 1.90364e-06, 1.83676e-06, 1.77223e-06, 1.70996e-06, 1.64988e-06, 1.59191e-06, 1.53598e-06, 1.48201e-06, 1.42994e-06, 1.3797e-06, 1.33123e-06, 1.28446e-06, 1.23933e-06, 1.19578e-06, 1.15377e-06, 1.11323e-06, 1.07412e-06, 1.03638e-06, 9.99969e-07, 9.64835e-07, 9.30936e-07, 8.98228e-07, 8.66669e-07, 8.36219e-07, 8.06839e-07, 7.78491e-07, 7.51139e-07, 7.24748e-07, 6.99284e-07, 6.74715e-07, 6.51009e-07, 6.28136e-07, 6.06067e-07, 5.84773e-07, 5.64227e-07, 5.44403e-07, 5.25276e-07, 5.0682e-07, 4.89013e-07, 4.71832e-07, 4.55254e-07, 4.39259e-07, 4.23826e-07, 4.08935e-07, 3.94567e-07, 3.80704e-07, 3.67328e-07, 3.54422e-07, 3.4197e-07, 3.29955e-07, 3.18362e-07, 3.07177e-07, 2.96384e-07, 2.85971e-07, 2.75923e-07, 2.66229e-07, 2.56875e-07, 2.4785e-07, 2.39142e-07, 2.30739e-07, 2.22632e-07, 2.1481e-07, 2.07263e-07, 1.99981e-07, 1.92955e-07, 1.86175e-07, 1.79634e-07, 1.73323e-07, 1.67233e-07, 1.61357e-07, 1.55688e-07, 1.50218e-07, 1.4494e-07, 1.39848e-07]
StationaryIterate can not converge in 200 iterations 
The relative residual is 0.000395098
58.1125/0 : d d d
  current line = 375
 call StationaryIterateNew  at  line 302
Exec error :  Div by 0
   -- number :1
Exec error :  Div by 0
   -- number :1
 err code 8 ,  mpirank 0
-- FreeFem++ v4.13 (2024年 01月 20日 星期六 00:49:06 CST - git no git)
   file : HelmPMLDDcheckerboard.edp
 Load: lg_fem lg_mesh lg_mesh3 eigenvalue 

 *** Warning  The identifier z hide a Global identifier  

 *** Warning  The identifier y hide a Global identifier  
 sizestack + 1024 =26464  ( 25440 )

running time: 0.000108  get k
lambda = 0.0785398
wave number = 80
height = 1, length = 1, lengthpml = 0.025, layerspml = 6
nppwl = 18.7911, h = 0.00416667, k to (-1-1/2p) = 0.00417963
  -- Square mesh : nb vertices  =64009 ,  nb triangles = 127008 ,  nb boundary edges 1008
running time: 0.018666  get mesh
running time: 0.190091  define forms
running time: 1.54027  assemble A(255025,255025)
running time: 1.66778  assemble rhs
running time: 1.66778  direct solve
setting up dd preconditioner.....
 num of subdomains: 4, overlaps: 6, length of overlaps: 0.025
running time: 5.36432  settup dd
done! setting up dd preconditioner.....
Gmres:
 r = [ 0.000104628, 1.99568e-05, 2.50163e-06, 2.84956e-07, 1.67567e-08, 1.85669e-09, 7.01835e-11, 3.89625e-12, 1.26908e-13, 3.94578e-15, 8.41274e-17];
GMRES has converged in resudual 9 iterations 
The relative residual is 8.0406e-13
Stationary iteration:
error = [0, 88.8607, 74.3306, 74.7994, 74.8426, 74.8367, 74.8381, 74.8383, 74.8382, 74.8382, 74.8382, 74.8382, 74.8382, 74.8382, 74.8382, 74.8382]
res = [0.000106515, 2.29517e-05, 3.92173e-06, 4.56554e-07, 3.58017e-08, 6.36297e-09, 1.01094e-09, 1.43212e-10, 1.84866e-11, 2.68203e-12, 3.90898e-13, 5.52225e-14, 8.15223e-15, 1.15418e-15, 1.62931e-16, 2.46743e-17]
StationaryIterate has converged in 15 iterations 
The relative residual is 2.31652e-13
74.8382/0 : d d d
  current line = 375
 call StationaryIterateNew  at  line 302
Exec error :  Div by 0
   -- number :1
Exec error :  Div by 0
   -- number :1
 err code 8 ,  mpirank 0
-- FreeFem++ v4.13 (2024年 01月 20日 星期六 00:49:06 CST - git no git)
   file : HelmPMLDDcheckerboard.edp
 Load: lg_fem lg_mesh lg_mesh3 eigenvalue 

 *** Warning  The identifier z hide a Global identifier  

 *** Warning  The identifier y hide a Global identifier  
 sizestack + 1024 =26464  ( 25440 )

running time: 9.1e-05  get k
lambda = 0.0785398
wave number = 80
height = 1, length = 1, lengthpml = 0.025, layerspml = 6
nppwl = 18.7911, h = 0.00416667, k to (-1-1/2p) = 0.00417963
  -- Square mesh : nb vertices  =64009 ,  nb triangles = 127008 ,  nb boundary edges 1008
running time: 0.014094  get mesh
running time: 0.207069  define forms
running time: 1.58069  assemble A(255025,255025)
running time: 1.70809  assemble rhs
running time: 1.70809  direct solve
setting up dd preconditioner.....
 num of subdomains: 16, overlaps: 6, length of overlaps: 0.025
running time: 6.95424  settup dd
done! setting up dd preconditioner.....
Gmres:
 r = [ 8.69997e-05, 6.14525e-05, 3.26108e-05, 5.13503e-06, 2.03437e-06, 7.60984e-07, 2.53301e-07, 8.35327e-08, 2.63277e-08, 1.20021e-08, 4.06298e-09, 1.4025e-09, 4.96524e-10, 1.92429e-10, 5.80699e-11, 1.79009e-11, 4.49803e-12, 1.2638e-12, 4.20123e-13, 1.39208e-13, 4.92765e-14, 1.5338e-14, 3.42468e-15, 1.2656e-15, 2.41321e-16, 5.76505e-17];
GMRES has converged in resudual 24 iterations 
The relative residual is 6.62651e-13
Stationary iteration:
error = [0, 64.2487, 77.868, 75.8631, 74.8465, 74.8255, 74.8313, 74.8564, 74.8428, 74.8297, 74.8372, 74.8389, 74.8383, 74.8384, 74.8382, 74.8382, 74.8382, 74.8382, 74.8382, 74.8382, 74.8382, 74.8382, 74.8382, 74.8382, 74.8382, 74.8382, 74.8382, 74.8382, 74.8382, 74.8382, 74.8382, 74.8382, 74.8382, 74.8382, 74.8382]
res = [0.000106515, 8.02416e-05, 4.72881e-05, 1.1315e-05, 3.49384e-06, 1.72206e-06, 7.89269e-07, 2.47861e-07, 1.09212e-07, 4.44647e-08, 1.90484e-08, 7.23133e-09, 4.17049e-09, 1.61612e-09, 6.22094e-10, 2.67434e-10, 1.07992e-10, 5.06401e-11, 2.42094e-11, 8.98631e-12, 3.57324e-12, 2.14294e-12, 8.15225e-13, 3.99646e-13, 1.9074e-13, 6.72474e-14, 3.47764e-14, 1.59349e-14, 5.78549e-15, 3.11122e-15, 1.48609e-15, 5.2211e-16, 3.18874e-16, 1.31491e-16, 5.05146e-17]
StationaryIterate has converged in 34 iterations 
The relative residual is 4.74251e-13
74.8382/0 : d d d
  current line = 375
 call StationaryIterateNew  at  line 302
Exec error :  Div by 0
   -- number :1
Exec error :  Div by 0
   -- number :1
 err code 8 ,  mpirank 0
-- FreeFem++ v4.13 (2024年 01月 20日 星期六 00:49:06 CST - git no git)
   file : HelmPMLDDcheckerboard.edp
 Load: lg_fem lg_mesh lg_mesh3 eigenvalue 

 *** Warning  The identifier z hide a Global identifier  

 *** Warning  The identifier y hide a Global identifier  
 sizestack + 1024 =26464  ( 25440 )

running time: 0.000109  get k
lambda = 0.0785398
wave number = 80
height = 1, length = 1, lengthpml = 0.025, layerspml = 6
nppwl = 18.7911, h = 0.00416667, k to (-1-1/2p) = 0.00417963
  -- Square mesh : nb vertices  =64009 ,  nb triangles = 127008 ,  nb boundary edges 1008
running time: 0.018646  get mesh
running time: 0.194665  define forms
running time: 1.54291  assemble A(255025,255025)
running time: 1.67082  assemble rhs
running time: 1.67082  direct solve
setting up dd preconditioner.....
 num of subdomains: 64, overlaps: 6, length of overlaps: 0.025
running time: 11.0093  settup dd
done! setting up dd preconditioner.....
Gmres:
 r = [ 8.74869e-05, 6.07569e-05, 4.44542e-05, 3.67512e-05, 2.48005e-05, 1.25919e-05, 6.17046e-06, 2.2892e-06, 1.42868e-06, 9.96958e-07, 7.3893e-07, 4.23979e-07, 2.05503e-07, 1.12336e-07, 6.28201e-08, 4.33567e-08, 2.6334e-08, 1.73457e-08, 1.0741e-08, 6.02588e-09, 2.88388e-09, 1.59938e-09, 8.98632e-10, 5.76834e-10, 3.1766e-10, 1.97616e-10, 1.1096e-10, 5.21493e-11, 2.90301e-11, 1.92319e-11, 1.1306e-11, 6.65764e-12, 3.06807e-12, 1.60986e-12, 8.55031e-13, 4.75637e-13, 2.77072e-13, 1.72077e-13, 9.07664e-14, 4.21249e-14, 2.34858e-14, 1.17392e-14, 6.61079e-15, 3.59205e-15, 2.07723e-15, 1.28205e-15, 7.51246e-16, 4.53411e-16, 2.58451e-16, 1.22593e-16, 6.79946e-17];
GMRES has converged in resudual 49 iterations 
The relative residual is 7.77198e-13
Stationary iteration:
error = [0, 49.1811, 58.1311, 66.9075, 75.9575, 74.994, 75.1447, 75.0522, 74.8537, 74.859, 74.7767, 74.8039, 74.8272, 74.8161, 74.8548, 74.8468, 74.843, 74.8353, 74.8341, 74.8426, 74.8368, 74.8376, 74.8395, 74.8377, 74.8387, 74.8379, 74.8383, 74.8385, 74.8379, 74.8384, 74.8382, 74.8382, 74.8382, 74.8382, 74.8383, 74.8382, 74.8382, 74.8382, 74.8382, 74.8382, 74.8382, 74.8382, 74.8382, 74.8382, 74.8382, 74.8382, 74.8382, 74.8382, 74.8382, 74.8382, 74.8382, 74.8382, 74.8382, 74.8382, 74.8382, 74.8382, 74.8382, 74.8382, 74.8382, 74.8382, 74.8382, 74.8382, 74.8382, 74.8382, 74.8382, 74.8382, 74.8382, 74.8382, 74.8382, 74.8382, 74.8382, 74.8382, 74.8382, 74.8382, 74.8382, 74.8382, 74.8382, 74.8382, 74.8382, 74.8382, 74.8382, 74.8382, 74.8382, 74.8382, 74.8382, 74.8382, 74.8382, 74.8382, 74.8382, 74.8382, 74.8382, 74.8382, 74.8382, 74.8382, 74.8382]
res = [0.000106515, 7.89332e-05, 7.70836e-05, 7.67551e-05, 4.22885e-05, 1.71824e-05, 1.02174e-05, 5.74902e-06, 3.62046e-06, 3.07854e-06, 2.90563e-06, 2.08173e-06, 1.07608e-06, 6.87627e-07, 5.21421e-07, 3.01587e-07, 2.42769e-07, 2.26442e-07, 2.1447e-07, 1.60449e-07, 9.58165e-08, 6.43338e-08, 4.54411e-08, 2.83925e-08, 2.2917e-08, 2.05654e-08, 1.79601e-08, 1.35021e-08, 8.77573e-09, 6.13525e-09, 4.41046e-09, 3.08786e-09, 2.44613e-09, 2.07576e-09, 1.74206e-09, 1.31342e-09, 8.95407e-10, 6.32377e-10, 4.669e-10, 3.46041e-10, 2.67028e-10, 2.16207e-10, 1.75449e-10, 1.32865e-10, 9.46644e-11, 6.871e-11, 5.1441e-11, 3.87461e-11, 2.97105e-11, 2.34343e-11, 1.84852e-11, 1.3974e-11, 1.01883e-11, 7.49023e-12, 5.62511e-12, 4.26473e-12, 3.27019e-12, 2.54412e-12, 1.97414e-12, 1.49224e-12, 1.10328e-12, 8.18837e-13, 6.17062e-13, 4.69455e-13, 3.59535e-13, 2.7694e-13, 2.12484e-13, 1.60416e-13, 1.19554e-13, 8.93833e-14, 6.75902e-14, 5.14988e-14, 3.93665e-14, 3.01274e-14, 2.29638e-14, 1.73325e-14, 1.29918e-14, 9.76682e-15, 7.4011e-15, 5.63683e-15, 4.29816e-15, 3.27492e-15, 2.48719e-15, 1.87838e-15, 1.41398e-15, 1.06706e-15, 8.09297e-16, 6.15651e-16, 4.68518e-16, 3.56072e-16, 2.6995e-16, 2.04222e-16, 1.5433e-16, 1.16715e-16, 8.8735e-17]
StationaryIterate has converged in 94 iterations 
The relative residual is 8.33078e-13
74.8382/0 : d d d
  current line = 375
 call StationaryIterateNew  at  line 302
Exec error :  Div by 0
   -- number :1
Exec error :  Div by 0
   -- number :1
 err code 8 ,  mpirank 0
-- FreeFem++ v4.13 (2024年 01月 20日 星期六 00:49:06 CST - git no git)
   file : HelmPMLDDcheckerboard.edp
 Load: lg_fem lg_mesh lg_mesh3 eigenvalue 

 *** Warning  The identifier z hide a Global identifier  

 *** Warning  The identifier y hide a Global identifier  
 sizestack + 1024 =26464  ( 25440 )

running time: 0.000123  get k
lambda = 0.0523599
wave number = 120
height = 1, length = 1, lengthpml = 0.0251256, layerspml = 10
nppwl = 20.7958, h = 0.00251256, k to (-1-1/2p) = 0.00251781
  -- Square mesh : nb vertices  =175561 ,  nb triangles = 349448 ,  nb boundary edges 1672
running time: 0.051898  get mesh
running time: 0.751967  define forms
running time: 4.68265  assemble A(700569,700569)
running time: 5.04106  assemble rhs
running time: 5.04107  direct solve
setting up dd preconditioner.....
 num of subdomains: 4, overlaps: 10, length of overlaps: 0.0251256
running time: 15.4884  settup dd
done! setting up dd preconditioner.....
Gmres:
 r = [ 5.23961e-05, 2.62386e-06, 4.52553e-07, 1.26965e-08, 3.24656e-10, 9.60411e-12, 1.80131e-13, 7.49135e-15, 8.6513e-17, 8.7693e-19];
GMRES has converged in resudual 8 iterations 
The relative residual is 1.67365e-14
Stationary iteration:
error = [0, 64.3592, 63.824, 63.7277, 63.7346, 63.7347, 63.7347, 63.7347, 63.7347, 63.7347, 63.7347, 63.7347]
res = [5.24618e-05, 2.7439e-06, 5.14159e-07, 2.14962e-08, 6.05676e-10, 5.99038e-11, 5.4217e-12, 3.26099e-13, 1.69753e-14, 1.28743e-15, 9.61385e-17, 6.60824e-18]
StationaryIterate has converged in 11 iterations 
The relative residual is 1.25963e-13
63.7347/0 : d d d
  current line = 375
 call StationaryIterateNew  at  line 302
Exec error :  Div by 0
   -- number :1
Exec error :  Div by 0
   -- number :1
 err code 8 ,  mpirank 0
-- FreeFem++ v4.13 (2024年 01月 20日 星期六 00:49:06 CST - git no git)
   file : HelmPMLDDcheckerboard.edp
 Load: lg_fem lg_mesh lg_mesh3 eigenvalue 

 *** Warning  The identifier z hide a Global identifier  

 *** Warning  The identifier y hide a Global identifier  
 sizestack + 1024 =26464  ( 25440 )

running time: 0.000108  get k
lambda = 0.0523599
wave number = 120
height = 1, length = 1, lengthpml = 0.0251256, layerspml = 10
nppwl = 20.7958, h = 0.00251256, k to (-1-1/2p) = 0.00251781
  -- Square mesh : nb vertices  =175561 ,  nb triangles = 349448 ,  nb boundary edges 1672
running time: 0.044538  get mesh
running time: 0.609953  define forms
running time: 4.55138  assemble A(700569,700569)
running time: 4.90659  assemble rhs
running time: 4.9066  direct solve
setting up dd preconditioner.....
 num of subdomains: 16, overlaps: 10, length of overlaps: 0.0251256
running time: 19.5694  settup dd
done! setting up dd preconditioner.....
Gmres:
 r = [ 5.13066e-05, 1.09485e-05, 5.53052e-06, 7.01572e-07, 1.40869e-07, 4.3042e-08, 1.13049e-08, 4.53952e-09, 1.90986e-09, 2.79737e-10, 6.10292e-11, 1.72667e-11, 4.64076e-12, 1.59004e-12, 3.6262e-13, 7.73866e-14, 2.13377e-14, 5.86181e-15, 1.6928e-15, 3.78901e-16, 8.5539e-17, 2.3006e-17];
GMRES has converged in resudual 20 iterations 
The relative residual is 4.48403e-13
Stationary iteration:
error = [0, 51.8716, 61.3576, 64.0897, 63.7594, 63.7383, 63.7339, 63.7351, 63.7334, 63.7349, 63.7347, 63.7347, 63.7347, 63.7347, 63.7347, 63.7347, 63.7347, 63.7347, 63.7347, 63.7347, 63.7347, 63.7347, 63.7347, 63.7347, 63.7347]
res = [5.24618e-05, 1.11693e-05, 6.96305e-06, 1.27171e-06, 2.00723e-07, 5.70319e-08, 2.0232e-08, 9.41397e-09, 5.5426e-09, 8.7652e-10, 2.15611e-10, 7.82796e-11, 2.41088e-11, 8.35306e-12, 4.4182e-12, 1.1302e-12, 2.29344e-13, 7.67004e-14, 2.53924e-14, 8.76099e-15, 4.11793e-15, 1.15273e-15, 2.18895e-16, 8.56298e-17, 3.11e-17]
StationaryIterate has converged in 24 iterations 
The relative residual is 5.92811e-13
63.7347/0 : d d d
  current line = 375
 call StationaryIterateNew  at  line 302
Exec error :  Div by 0
   -- number :1
Exec error :  Div by 0
   -- number :1
 err code 8 ,  mpirank 0
-- FreeFem++ v4.13 (2024年 01月 20日 星期六 00:49:06 CST - git no git)
   file : HelmPMLDDcheckerboard.edp
 Load: lg_fem lg_mesh lg_mesh3 eigenvalue 

 *** Warning  The identifier z hide a Global identifier  

 *** Warning  The identifier y hide a Global identifier  
 sizestack + 1024 =26464  ( 25440 )

running time: 0.000109  get k
lambda = 0.0523599
wave number = 120
height = 1, length = 1, lengthpml = 0.0251256, layerspml = 10
nppwl = 20.7958, h = 0.00251256, k to (-1-1/2p) = 0.00251781
  -- Square mesh : nb vertices  =175561 ,  nb triangles = 349448 ,  nb boundary edges 1672
running time: 0.051795  get mesh
running time: 0.78402  define forms
running time: 4.71656  assemble A(700569,700569)
running time: 5.0746  assemble rhs
running time: 5.07461  direct solve
setting up dd preconditioner.....
 num of subdomains: 64, overlaps: 10, length of overlaps: 0.0251256
running time: 31.0971  settup dd
done! setting up dd preconditioner.....
Gmres:
 r = [ 5.13133e-05, 1.09174e-05, 7.45916e-06, 6.14759e-06, 4.08848e-06, 1.73679e-06, 4.94372e-07, 2.18892e-07, 9.33546e-08, 4.02872e-08, 2.34653e-08, 1.49297e-08, 9.80797e-09, 5.35102e-09, 2.35793e-09, 1.15406e-09, 5.91236e-10, 2.83798e-10, 1.4605e-10, 8.22362e-11, 4.20452e-11, 1.93009e-11, 1.11242e-11, 6.02411e-12, 3.26734e-12, 1.70524e-12, 8.63105e-13, 4.5642e-13, 2.25278e-13, 1.144e-13, 5.4139e-14, 2.88094e-14, 1.47511e-14, 8.2756e-15, 4.13523e-15, 2.05231e-15, 1.0841e-15, 5.6471e-16, 3.01391e-16, 1.49848e-16, 7.51387e-17, 3.63335e-17];
GMRES has converged in resudual 40 iterations 
The relative residual is 7.08072e-13
Stationary iteration:
error = [0, 44.9883, 50.7887, 56.2357, 61.8057, 63.2464, 63.6918, 63.7541, 63.7417, 63.738, 63.7418, 63.7361, 63.734, 63.7337, 63.7349, 63.7347, 63.7348, 63.735, 63.7347, 63.7347, 63.7347, 63.7347, 63.7347, 63.7347, 63.7347, 63.7347, 63.7347, 63.7347, 63.7347, 63.7347, 63.7347, 63.7347, 63.7347, 63.7347, 63.7347, 63.7347, 63.7347, 63.7347, 63.7347, 63.7347, 63.7347, 63.7347, 63.7347, 63.7347, 63.7347, 63.7347, 63.7347, 63.7347, 63.7347, 63.7347, 63.7347]
res = [5.24618e-05, 1.11361e-05, 1.0673e-05, 1.03473e-05, 5.31965e-06, 1.87542e-06, 6.79417e-07, 2.81077e-07, 1.26563e-07, 7.1294e-08, 4.94567e-08, 3.37135e-08, 1.86022e-08, 1.17143e-08, 5.36159e-09, 3.18296e-09, 1.78369e-09, 8.14683e-10, 4.95331e-10, 3.06438e-10, 1.97468e-10, 8.6644e-11, 4.43194e-11, 2.95659e-11, 1.92334e-11, 1.29174e-11, 6.61483e-12, 3.28796e-12, 1.70209e-12, 9.17779e-13, 6.19598e-13, 4.37904e-13, 2.87872e-13, 1.65038e-13, 8.82042e-14, 5.12521e-14, 3.15401e-14, 1.95064e-14, 1.21612e-14, 7.40798e-15, 4.79231e-15, 3.16559e-15, 2.04586e-15, 1.28391e-15, 7.85519e-16, 4.80604e-16, 2.94395e-16, 1.8216e-16, 1.13441e-16, 7.14597e-17, 4.6063e-17]
StationaryIterate has converged in 50 iterations 
The relative residual is 8.7803e-13
63.7347/0 : d d d
  current line = 375
 call StationaryIterateNew  at  line 302
Exec error :  Div by 0
   -- number :1
Exec error :  Div by 0
   -- number :1
 err code 8 ,  mpirank 0
-- FreeFem++ v4.13 (2024年 01月 20日 星期六 00:49:06 CST - git no git)
   file : HelmPMLDDcheckerboard.edp
 Load: lg_fem lg_mesh lg_mesh3 eigenvalue 

 *** Warning  The identifier z hide a Global identifier  

 *** Warning  The identifier y hide a Global identifier  
 sizestack + 1024 =26464  ( 25440 )

running time: 0.000111  get k
lambda = 0.0392699
wave number = 160
height = 1, length = 1, lengthpml = 0.0263158, layerspml = 15
nppwl = 22.3465, h = 0.00175439, k to (-1-1/2p) = 0.00175732
  -- Square mesh : nb vertices  =361201 ,  nb triangles = 720000 ,  nb boundary edges 2400
running time: 0.085535  get mesh
running time: 1.49779  define forms
running time: 10.1486  assemble A(1442401,1442401)
running time: 10.9127  assemble rhs
running time: 10.9127  direct solve
setting up dd preconditioner.....
 num of subdomains: 4, overlaps: 15, length of overlaps: 0.0263158
running time: 33.2776  settup dd
done! setting up dd preconditioner.....
Gmres:
 r = [ 3.17206e-05, 6.97659e-07, 6.51055e-08, 4.82277e-10, 3.9764e-12, 9.31911e-15, 8.74765e-17, 1.87354e-18];
GMRES has converged in resudual 6 iterations 
The relative residual is 5.9064e-14
Stationary iteration:
error = [0, 49.8023, 53.3271, 53.3298, 53.3297, 53.3297, 53.3297, 53.3297, 53.3297]
res = [3.17282e-05, 6.97721e-07, 6.51776e-08, 8.53533e-10, 1.92962e-11, 4.59987e-13, 1.2371e-14, 3.47941e-16, 9.72185e-18]
StationaryIterate has converged in 8 iterations 
The relative residual is 3.0641e-13
53.3297/0 : d d d
  current line = 375
 call StationaryIterateNew  at  line 302
Exec error :  Div by 0
   -- number :1
Exec error :  Div by 0
   -- number :1
 err code 8 ,  mpirank 0
-- FreeFem++ v4.13 (2024年 01月 20日 星期六 00:49:06 CST - git no git)
   file : HelmPMLDDcheckerboard.edp
 Load: lg_fem lg_mesh lg_mesh3 eigenvalue 

 *** Warning  The identifier z hide a Global identifier  

 *** Warning  The identifier y hide a Global identifier  
 sizestack + 1024 =26464  ( 25440 )

running time: 0.000107  get k
lambda = 0.0392699
wave number = 160
height = 1, length = 1, lengthpml = 0.0263158, layerspml = 15
nppwl = 22.3465, h = 0.00175439, k to (-1-1/2p) = 0.00175732
  -- Square mesh : nb vertices  =361201 ,  nb triangles = 720000 ,  nb boundary edges 2400
running time: 0.108802  get mesh
running time: 1.87181  define forms
running time: 10.4979  assemble A(1442401,1442401)
running time: 11.2622  assemble rhs
running time: 11.2623  direct solve
setting up dd preconditioner.....
 num of subdomains: 16, overlaps: 15, length of overlaps: 0.0263158
running time: 42.5232  settup dd
done! setting up dd preconditioner.....
Gmres:
 r = [ 3.16697e-05, 1.92603e-06, 1.17e-06, 1.65124e-07, 1.52248e-08, 2.8473e-09, 8.87416e-10, 3.44612e-10, 1.25117e-10, 9.11587e-12, 1.9618e-12, 3.76175e-13, 9.03507e-14, 2.28239e-14, 3.75911e-15, 8.77082e-16, 1.27882e-16, 2.56818e-17];
GMRES has converged in resudual 16 iterations 
The relative residual is 8.10927e-13
Stationary iteration:
error = [0, 46.2528, 50.8028, 53.2015, 53.3263, 53.3301, 53.3298, 53.3297, 53.3298, 53.3297, 53.3297, 53.3297, 53.3297, 53.3297, 53.3297, 53.3297, 53.3297, 53.3297, 53.3297, 53.3297]
res = [3.17282e-05, 1.92825e-06, 1.23665e-06, 2.1385e-07, 1.6033e-08, 3.03948e-09, 1.08375e-09, 4.256e-10, 1.91196e-10, 2.71374e-11, 3.33241e-12, 8.38047e-13, 2.1978e-13, 1.03497e-13, 2.48183e-14, 5.58663e-15, 1.07892e-15, 1.41216e-16, 4.56549e-17, 1.97628e-17]
StationaryIterate has converged in 19 iterations 
The relative residual is 6.22878e-13
53.3297/0 : d d d
  current line = 375
 call StationaryIterateNew  at  line 302
Exec error :  Div by 0
   -- number :1
Exec error :  Div by 0
   -- number :1
 err code 8 ,  mpirank 0
-- FreeFem++ v4.13 (2024年 01月 20日 星期六 00:49:06 CST - git no git)
   file : HelmPMLDDcheckerboard.edp
 Load: lg_fem lg_mesh lg_mesh3 eigenvalue 

 *** Warning  The identifier z hide a Global identifier  

 *** Warning  The identifier y hide a Global identifier  
 sizestack + 1024 =26464  ( 25440 )

running time: 0.000117  get k
lambda = 0.0392699
wave number = 160
height = 1, length = 1, lengthpml = 0.0263158, layerspml = 15
nppwl = 22.3465, h = 0.00175439, k to (-1-1/2p) = 0.00175732
  -- Square mesh : nb vertices  =361201 ,  nb triangles = 720000 ,  nb boundary edges 2400
running time: 0.110046  get mesh
running time: 1.75119  define forms
running time: 10.4058  assemble A(1442401,1442401)
running time: 11.1688  assemble rhs
running time: 11.1688  direct solve
setting up dd preconditioner.....
 num of subdomains: 64, overlaps: 15, length of overlaps: 0.0263158
running time: 67.2955  settup dd
done! setting up dd preconditioner.....
Gmres:
 r = [ 3.16695e-05, 1.92899e-06, 1.45902e-06, 1.21561e-06, 8.20447e-07, 3.44876e-07, 1.04492e-07, 2.01964e-08, 5.92349e-09, 3.21039e-09, 1.46341e-09, 9.58827e-10, 5.64734e-10, 2.51103e-10, 1.24384e-10, 7.45072e-11, 4.07602e-11, 1.90415e-11, 7.05228e-12, 2.81442e-12, 1.06711e-12, 4.13881e-13, 1.82185e-13, 8.08758e-14, 3.66017e-14, 1.57757e-14, 8.19258e-15, 4.1755e-15, 1.85278e-15, 9.56641e-16, 4.17338e-16, 1.71139e-16, 7.80296e-17, 3.52473e-17, 1.59255e-17];
GMRES has converged in resudual 33 iterations 
The relative residual is 5.02866e-13
Stationary iteration:
error = [0, 44.5222, 47.135, 49.3631, 51.6782, 53.038, 53.2801, 53.3239, 53.3295, 53.3296, 53.3294, 53.3293, 53.3297, 53.3299, 53.3298, 53.3298, 53.3297, 53.3297, 53.3297, 53.3297, 53.3297, 53.3297, 53.3297, 53.3297, 53.3297, 53.3297, 53.3297, 53.3297, 53.3297, 53.3297, 53.3297, 53.3297, 53.3297, 53.3297, 53.3297, 53.3297, 53.3297]
res = [3.17282e-05, 1.93123e-06, 1.80426e-06, 1.74573e-06, 1.03189e-06, 3.77201e-07, 1.22355e-07, 2.50766e-08, 6.24514e-09, 3.83169e-09, 2.10859e-09, 1.49548e-09, 9.82783e-10, 3.62059e-10, 1.77501e-10, 1.01979e-10, 5.81443e-11, 2.98405e-11, 1.1254e-11, 5.05374e-12, 1.94187e-12, 1.04555e-12, 5.61585e-13, 2.832e-13, 1.24355e-13, 4.38241e-14, 2.39537e-14, 1.07857e-14, 6.70424e-15, 3.25842e-15, 1.24788e-15, 6.47638e-16, 3.03259e-16, 1.4069e-16, 8.25468e-17, 4.29886e-17, 2.09429e-17]
StationaryIterate has converged in 36 iterations 
The relative residual is 6.60072e-13
53.3297/0 : d d d
  current line = 375
 call StationaryIterateNew  at  line 302
Exec error :  Div by 0
   -- number :1
Exec error :  Div by 0
   -- number :1
 err code 8 ,  mpirank 0
