Hello World!
-- FreeFem++ v4.13 (2024年 01月 20日 星期六 00:49:06 CST - git no git)
   file : HelmPMLDDcheckerboard.edp
 Load: lg_fem lg_mesh lg_mesh3 eigenvalue 

 *** Warning  The identifier z hide a Global identifier  

 *** Warning  The identifier y hide a Global identifier  
 sizestack + 1024 =26464  ( 25440 )

running time: 0.000202  get k
lambda = 0.15708
wave number = 40
height = 1, length = 1, lengthpml = 0.0294118, layerspml = 3
nppwl = 15.8014, h = 0.00980392, k to (-1-1/2p) = 0.00994088
  -- Square mesh : nb vertices  =11881 ,  nb triangles = 23328 ,  nb boundary edges 432
running time: 0.004241  get mesh
running time: 0.062473  define forms
running time: 0.352344  assemble A(47089,47089)
running time: 0.37567  assemble rhs
running time: 0.375672  direct solve
setting up dd preconditioner.....
 num of subdomains: 4, overlaps: 3, length of overlaps: 0.0294118
running time: 1.05323  settup dd
done! setting up dd preconditioner.....
Gmres:
 r = [ 0.00022644, 0.000272049, 0.000172791, 2.50277e-05, 3.77023e-06, 5.74961e-07, 6.02688e-08, 1.34791e-08, 1.69594e-09, 2.00882e-10, 2.13324e-11, 2.19878e-12, 1.76712e-13, 3.41712e-14, 2.54991e-15, 2.34798e-16, 2.48319e-17];
GMRES has converged in resudual 15 iterations 
The relative residual is 1.09662e-13
Stationary iteration:
error = [0, 41.3307, 53.0876, 55.6128, 55.613, 55.6224, 55.6278, 55.6276, 55.6275, 55.6275, 55.6275, 55.6275, 55.6275, 55.6275, 55.6275, 55.6275, 55.6275, 55.6275, 55.6275, 55.6275]
res = [0.000353957, 0.00042525, 0.000223275, 2.64535e-05, 4.01767e-06, 6.6903e-07, 9.77948e-08, 1.93743e-08, 4.44683e-09, 8.34622e-10, 1.55338e-10, 3.05683e-11, 6.23649e-12, 1.29048e-12, 2.71652e-13, 5.58756e-14, 1.14628e-14, 2.34115e-15, 4.82887e-16, 1.02367e-16]
StationaryIterate has converged in 19 iterations 
The relative residual is 2.89208e-13
55.6275/0 : d d d
  current line = 375
 call StationaryIterateNew  at  line 302
Exec error :  Div by 0
   -- number :1
Exec error :  Div by 0
   -- number :1
 err code 8 ,  mpirank 0
-- FreeFem++ v4.13 (2024年 01月 20日 星期六 00:49:06 CST - git no git)
   file : HelmPMLDDcheckerboard.edp
 Load: lg_fem lg_mesh lg_mesh3 eigenvalue 

 *** Warning  The identifier z hide a Global identifier  

 *** Warning  The identifier y hide a Global identifier  
 sizestack + 1024 =26464  ( 25440 )

running time: 0.000117  get k
lambda = 0.15708
wave number = 40
height = 1, length = 1, lengthpml = 0.0294118, layerspml = 3
nppwl = 15.8014, h = 0.00980392, k to (-1-1/2p) = 0.00994088
  -- Square mesh : nb vertices  =11881 ,  nb triangles = 23328 ,  nb boundary edges 432
running time: 0.003364  get mesh
running time: 0.04348  define forms
running time: 0.344078  assemble A(47089,47089)
running time: 0.367116  assemble rhs
running time: 0.367118  direct solve
setting up dd preconditioner.....
 num of subdomains: 16, overlaps: 3, length of overlaps: 0.0294118
running time: 1.37745  settup dd
done! setting up dd preconditioner.....
Gmres:
 r = [ 0.000220153, 0.000277161, 0.000215978, 0.000181436, 0.000133188, 9.36196e-05, 5.13535e-05, 1.90627e-05, 8.42581e-06, 3.97439e-06, 1.71378e-06, 7.96293e-07, 3.13097e-07, 1.60649e-07, 7.38147e-08, 3.66175e-08, 1.21869e-08, 5.30566e-09, 2.06041e-09, 9.79285e-10, 4.44003e-10, 1.95874e-10, 8.57554e-11, 4.00547e-11, 1.52797e-11, 6.8918e-12, 2.4539e-12, 1.09397e-12, 4.24993e-13, 1.94271e-13, 8.18602e-14, 3.88882e-14, 1.5015e-14, 6.01429e-15, 2.75065e-15, 9.56848e-16, 3.73759e-16, 1.67421e-16];
GMRES has converged in resudual 36 iterations 
The relative residual is 7.60477e-13
Stationary iteration:
error = [0, 29.7519, 38.1252, 43.8665, 48.5406, 50.4076, 50.9928, 51.0715, 51.0757, 51.1666, 51.1362, 51.1215, 51.1144, 51.1216, 51.1226, 51.1195, 51.1203, 51.1203, 51.1204, 51.1205, 51.1204, 51.1203, 51.1204, 51.1204, 51.1204, 51.1204, 51.1204, 51.1204, 51.1204, 51.1204, 51.1204, 51.1204, 51.1204, 51.1204, 51.1204, 51.1204, 51.1204, 51.1204, 51.1204, 51.1204, 51.1204, 51.1204, 51.1204, 51.1204, 51.1204, 51.1204, 51.1204, 51.1204, 51.1204, 51.1204, 51.1204, 51.1204, 51.1204, 51.1204, 51.1204, 51.1204, 51.1204, 51.1204, 51.1204, 51.1204, 51.1204, 51.1204, 51.1204]
res = [0.000353957, 0.000448402, 0.000358137, 0.000334301, 0.000196066, 0.000119867, 6.00733e-05, 2.67075e-05, 1.68103e-05, 1.03087e-05, 4.69225e-06, 2.87021e-06, 1.68086e-06, 9.66357e-07, 5.94291e-07, 3.58736e-07, 2.26309e-07, 1.45802e-07, 8.81407e-08, 5.44266e-08, 3.48296e-08, 2.20479e-08, 1.3954e-08, 8.83263e-09, 5.64158e-09, 3.62639e-09, 2.30446e-09, 1.46244e-09, 9.37608e-10, 6.03346e-10, 3.87852e-10, 2.48833e-10, 1.5971e-10, 1.02794e-10, 6.62202e-11, 4.26309e-11, 2.74288e-11, 1.76344e-11, 1.13306e-11, 7.27667e-12, 4.67153e-12, 3.00003e-12, 1.92812e-12, 1.23994e-12, 7.97492e-13, 5.12856e-13, 3.29784e-13, 2.12057e-13, 1.36349e-13, 8.76709e-14, 5.63773e-14, 3.62555e-14, 2.3314e-14, 1.49907e-14, 9.63819e-15, 6.19682e-15, 3.98411e-15, 2.56173e-15, 1.64764e-15, 1.05974e-15, 6.81841e-16, 4.38882e-16, 2.82102e-16]
StationaryIterate has converged in 62 iterations 
The relative residual is 7.96996e-13
51.1204/0 : d d d
  current line = 375
 call StationaryIterateNew  at  line 302
Exec error :  Div by 0
   -- number :1
Exec error :  Div by 0
   -- number :1
 err code 8 ,  mpirank 0
-- FreeFem++ v4.13 (2024年 01月 20日 星期六 00:49:06 CST - git no git)
   file : HelmPMLDDcheckerboard.edp
 Load: lg_fem lg_mesh lg_mesh3 eigenvalue 

 *** Warning  The identifier z hide a Global identifier  

 *** Warning  The identifier y hide a Global identifier  
 sizestack + 1024 =26464  ( 25440 )

running time: 9.8e-05  get k
lambda = 0.15708
wave number = 40
height = 1, length = 1, lengthpml = 0.0294118, layerspml = 3
nppwl = 15.8014, h = 0.00980392, k to (-1-1/2p) = 0.00994088
  -- Square mesh : nb vertices  =11881 ,  nb triangles = 23328 ,  nb boundary edges 432
running time: 0.002638  get mesh
running time: 0.033873  define forms
running time: 0.277861  assemble A(47089,47089)
running time: 0.300984  assemble rhs
running time: 0.300986  direct solve
setting up dd preconditioner.....
 num of subdomains: 64, overlaps: 3, length of overlaps: 0.0294118
running time: 2.20763  settup dd
done! setting up dd preconditioner.....
Gmres:
 r = [ 0.000218092, 0.000278717, 0.000216034, 0.000177046, 0.000152997, 0.00013694, 0.000125428, 0.000114811, 0.000103616, 8.63697e-05, 5.77569e-05, 3.55425e-05, 2.23339e-05, 1.38138e-05, 9.0277e-06, 5.89198e-06, 4.19691e-06, 2.84619e-06, 1.67471e-06, 1.01381e-06, 6.73091e-07, 4.09423e-07, 2.73129e-07, 1.7706e-07, 1.22716e-07, 7.97571e-08, 5.32926e-08, 3.56391e-08, 2.40964e-08, 1.71527e-08, 1.17568e-08, 7.28858e-09, 4.57018e-09, 2.69518e-09, 1.56892e-09, 1.04851e-09, 6.24754e-10, 3.62825e-10, 2.47972e-10, 1.69069e-10, 1.17136e-10, 7.4719e-11, 4.3794e-11, 2.61374e-11, 1.72434e-11, 8.93904e-12, 5.36778e-12, 3.40684e-12, 2.15707e-12, 1.33737e-12, 8.80034e-13, 5.17121e-13, 3.06337e-13, 2.10336e-13, 1.31523e-13, 7.70423e-14, 4.71462e-14, 3.0798e-14, 1.91065e-14, 1.07107e-14, 5.82504e-15, 3.80237e-15, 2.30465e-15, 1.30757e-15, 8.34546e-16, 5.49006e-16, 3.22043e-16, 2.01046e-16];
GMRES has converged in resudual 66 iterations 
The relative residual is 9.21843e-13
Stationary iteration:
error = [0, 26.4086, 32.777, 36.9084, 40.4323, 43.9376, 47.6821, 51.6096, 55.7473, 54.5729, 51.9099, 49.305, 48.8921, 48.4492, 48.1217, 48.0102, 48.0742, 48.0937, 48.0127, 47.9819, 48.0345, 47.9781, 48.0566, 47.8832, 48.0815, 47.9197, 48.0053, 47.9551, 47.9928, 47.9664, 47.9842, 47.9564, 47.9902, 47.9673, 47.9706, 47.972, 47.9791, 47.9672, 47.9708, 47.9729, 47.9755, 47.9681, 47.9692, 47.975, 47.9729, 47.9665, 47.9717, 47.9746, 47.9694, 47.9687, 47.9717, 47.9734, 47.9688, 47.9688, 47.9728, 47.9717, 47.968, 47.9703, 47.9727, 47.9699, 47.9686, 47.9711, 47.972, 47.969, 47.9692, 47.9717, 47.9709, 47.9687, 47.9701, 47.9717, 47.9699, 47.9689, 47.9707, 47.9712, 47.9693, 47.9694, 47.9711, 47.9705, 47.9691, 47.97, 47.9711, 47.9699, 47.9692, 47.9705, 47.9707, 47.9695, 47.9696, 47.9707, 47.9703, 47.9694, 47.97, 47.9707, 47.9699, 47.9695, 47.9703, 47.9705, 47.9696, 47.9697, 47.9705, 47.9702, 47.9696, 47.97, 47.9705, 47.9699, 47.9696, 47.9702, 47.9703, 47.9697, 47.9698, 47.9703, 47.9701, 47.9697, 47.97, 47.9703, 47.9699, 47.9698, 47.9702, 47.9702, 47.9698, 47.9699, 47.9702, 47.9701, 47.9698, 47.97, 47.9702, 47.97, 47.9698, 47.9701, 47.9701, 47.9699, 47.9699, 47.9701, 47.97, 47.9699, 47.97, 47.9701, 47.97, 47.9699, 47.9701, 47.9701, 47.9699, 47.9699, 47.9701, 47.97, 47.9699, 47.97, 47.9701, 47.97, 47.9699, 47.97, 47.9701, 47.9699, 47.97, 47.9701, 47.97, 47.9699, 47.97, 47.9701, 47.97, 47.97, 47.97, 47.97, 47.97, 47.97, 47.97, 47.97, 47.97, 47.97, 47.97, 47.97, 47.97, 47.97, 47.97, 47.97, 47.97, 47.97, 47.97, 47.97, 47.97, 47.97, 47.97, 47.97, 47.97, 47.97, 47.97, 47.97, 47.97, 47.97, 47.97, 47.97, 47.97, 47.97, 47.97, 47.97, 47.97, 47.97, 47.97, 47.97, 47.97, 47.97, 47.97]
res = [0.000353903, 0.00049699, 0.000490924, 0.000512798, 0.000560676, 0.000628884, 0.000723109, 0.000823375, 0.000828552, 0.000785081, 0.000653939, 0.00044901, 0.000275806, 0.000173913, 0.000138301, 0.000129808, 0.000118977, 0.000107351, 9.27707e-05, 7.52701e-05, 6.6737e-05, 6.38705e-05, 5.92419e-05, 4.97141e-05, 3.84024e-05, 3.16895e-05, 3.01704e-05, 2.92373e-05, 2.86192e-05, 2.61897e-05, 2.2921e-05, 2.10383e-05, 2.07159e-05, 2.04686e-05, 1.96148e-05, 1.82373e-05, 1.6882e-05, 1.60732e-05, 1.57182e-05, 1.53253e-05, 1.46143e-05, 1.38543e-05, 1.31444e-05, 1.27584e-05, 1.24368e-05, 1.20458e-05, 1.15278e-05, 1.10307e-05, 1.06053e-05, 1.02851e-05, 9.98488e-06, 9.63608e-06, 9.25973e-06, 8.88873e-06, 8.57562e-06, 8.29901e-06, 8.03682e-06, 7.74717e-06, 7.4558e-06, 7.17566e-06, 6.92782e-06, 6.69751e-06, 6.47117e-06, 6.23859e-06, 6.00899e-06, 5.79422e-06, 5.5938e-06, 5.40431e-06, 5.21573e-06, 5.03013e-06, 4.84883e-06, 4.67831e-06, 4.51579e-06, 4.36e-06, 4.20683e-06, 4.05742e-06, 3.9132e-06, 3.77569e-06, 3.64431e-06, 3.51714e-06, 3.39355e-06, 3.27329e-06, 3.15783e-06, 3.04694e-06, 2.94059e-06, 2.83749e-06, 2.73769e-06, 2.64104e-06, 2.54813e-06, 2.45875e-06, 2.37262e-06, 2.28935e-06, 2.20878e-06, 2.13103e-06, 2.0561e-06, 1.98398e-06, 1.91435e-06, 1.84712e-06, 1.78213e-06, 1.71947e-06, 1.65905e-06, 1.60082e-06, 1.5446e-06, 1.49033e-06, 1.43793e-06, 1.38739e-06, 1.33865e-06, 1.29164e-06, 1.24628e-06, 1.20248e-06, 1.16022e-06, 1.11944e-06, 1.08012e-06, 1.04218e-06, 1.00557e-06, 9.70231e-07, 9.36137e-07, 9.03244e-07, 8.71513e-07, 8.40897e-07, 8.11352e-07, 7.82843e-07, 7.55335e-07, 7.28798e-07, 7.03193e-07, 6.78489e-07, 6.54649e-07, 6.31647e-07, 6.09454e-07, 5.88041e-07, 5.67381e-07, 5.47447e-07, 5.28212e-07, 5.09653e-07, 4.91747e-07, 4.74469e-07, 4.578e-07, 4.41715e-07, 4.26195e-07, 4.11221e-07, 3.96773e-07, 3.82832e-07, 3.69382e-07, 3.56404e-07, 3.43882e-07, 3.31799e-07, 3.20142e-07, 3.08894e-07, 2.98041e-07, 2.87569e-07, 2.77466e-07, 2.67717e-07, 2.58311e-07, 2.49235e-07, 2.40478e-07, 2.32029e-07, 2.23877e-07, 2.16011e-07, 2.08422e-07, 2.01099e-07, 1.94033e-07, 1.87216e-07, 1.80638e-07, 1.74292e-07, 1.68168e-07, 1.62259e-07, 1.56558e-07, 1.51058e-07, 1.4575e-07, 1.4063e-07, 1.35689e-07, 1.30921e-07, 1.26321e-07, 1.21883e-07, 1.17601e-07, 1.13469e-07, 1.09482e-07, 1.05636e-07, 1.01924e-07, 9.83431e-08, 9.48878e-08, 9.1554e-08, 8.83373e-08, 8.52336e-08, 8.22389e-08, 7.93495e-08, 7.65616e-08, 7.38716e-08, 7.12762e-08, 6.87719e-08, 6.63556e-08, 6.40242e-08, 6.17748e-08, 5.96043e-08, 5.75102e-08, 5.54896e-08, 5.354e-08, 5.16588e-08, 4.98438e-08, 4.80926e-08, 4.64029e-08]
StationaryIterate can not converge in 200 iterations 
The relative residual is 0.000131118
47.97/0 : d d d
  current line = 375
 call StationaryIterateNew  at  line 302
Exec error :  Div by 0
   -- number :1
Exec error :  Div by 0
   -- number :1
 err code 8 ,  mpirank 0
-- FreeFem++ v4.13 (2024年 01月 20日 星期六 00:49:06 CST - git no git)
   file : HelmPMLDDcheckerboard.edp
 Load: lg_fem lg_mesh lg_mesh3 eigenvalue 

 *** Warning  The identifier z hide a Global identifier  

 *** Warning  The identifier y hide a Global identifier  
 sizestack + 1024 =26464  ( 25440 )

running time: 0.000122  get k
lambda = 0.0785398
wave number = 80
height = 1, length = 1, lengthpml = 0.025, layerspml = 6
nppwl = 18.7911, h = 0.00416667, k to (-1-1/2p) = 0.00417963
  -- Square mesh : nb vertices  =64009 ,  nb triangles = 127008 ,  nb boundary edges 1008
running time: 0.018592  get mesh
running time: 0.265004  define forms
running time: 1.66659  assemble A(255025,255025)
running time: 1.79774  assemble rhs
running time: 1.79774  direct solve
setting up dd preconditioner.....
 num of subdomains: 4, overlaps: 6, length of overlaps: 0.025
running time: 5.4765  settup dd
done! setting up dd preconditioner.....
Gmres:
 r = [ 9.76989e-05, 4.24298e-05, 2.08616e-05, 2.54215e-06, 1.68022e-07, 3.06331e-08, 4.8343e-09, 4.16884e-10, 3.66566e-11, 4.1698e-12, 4.8738e-13, 3.48712e-14, 3.3029e-15, 3.01639e-16, 2.39836e-17];
GMRES has converged in resudual 13 iterations 
The relative residual is 2.45485e-13
Stationary iteration:
error = [0, 56.2142, 68.645, 71.7093, 71.6946, 71.679, 71.6786, 71.6786, 71.6786, 71.6786, 71.6786, 71.6786, 71.6786, 71.6786, 71.6786, 71.6786]
res = [0.000106515, 4.62583e-05, 2.37716e-05, 2.64743e-06, 1.77892e-07, 3.13503e-08, 5.54316e-09, 6.1303e-10, 7.15162e-11, 1.08903e-11, 1.7713e-12, 2.05616e-13, 3.02182e-14, 4.45897e-15, 6.49068e-16, 8.42855e-17]
StationaryIterate has converged in 15 iterations 
The relative residual is 7.91304e-13
71.6786/0 : d d d
  current line = 375
 call StationaryIterateNew  at  line 302
Exec error :  Div by 0
   -- number :1
Exec error :  Div by 0
   -- number :1
 err code 8 ,  mpirank 0
-- FreeFem++ v4.13 (2024年 01月 20日 星期六 00:49:06 CST - git no git)
   file : HelmPMLDDcheckerboard.edp
 Load: lg_fem lg_mesh lg_mesh3 eigenvalue 

 *** Warning  The identifier z hide a Global identifier  

 *** Warning  The identifier y hide a Global identifier  
 sizestack + 1024 =26464  ( 25440 )

running time: 0.000125  get k
lambda = 0.0785398
wave number = 80
height = 1, length = 1, lengthpml = 0.025, layerspml = 6
nppwl = 18.7911, h = 0.00416667, k to (-1-1/2p) = 0.00417963
  -- Square mesh : nb vertices  =64009 ,  nb triangles = 127008 ,  nb boundary edges 1008
running time: 0.018674  get mesh
running time: 0.2627  define forms
running time: 1.69917  assemble A(255025,255025)
running time: 1.83949  assemble rhs
running time: 1.83949  direct solve
setting up dd preconditioner.....
 num of subdomains: 16, overlaps: 6, length of overlaps: 0.025
running time: 7.10069  settup dd
done! setting up dd preconditioner.....
Gmres:
 r = [ 9.74653e-05, 4.29637e-05, 2.83491e-05, 2.23726e-05, 1.54362e-05, 9.83e-06, 6.4157e-06, 1.22171e-06, 4.71892e-07, 2.28005e-07, 8.81764e-08, 4.08137e-08, 1.53999e-08, 6.79187e-09, 2.98752e-09, 1.12703e-09, 4.45554e-10, 1.60989e-10, 5.835e-11, 2.02036e-11, 8.51172e-12, 3.30848e-12, 1.61289e-12, 5.9189e-13, 2.23197e-13, 7.869e-14, 2.70524e-14, 1.06852e-14, 4.81483e-15, 1.42061e-15, 5.42188e-16, 2.14024e-16, 7.33908e-17];
GMRES has converged in resudual 31 iterations 
The relative residual is 7.52994e-13
Stationary iteration:
error = [0, 44.6021, 53.2348, 59.0262, 64.2927, 66.502, 67.2418, 67.5316, 67.5118, 67.5022, 67.5026, 67.5058, 67.5097, 67.5065, 67.5066, 67.5067, 67.5066, 67.5066, 67.5066, 67.5066, 67.5066, 67.5066, 67.5066, 67.5066, 67.5066, 67.5066, 67.5066, 67.5066, 67.5066, 67.5066, 67.5066, 67.5066, 67.5066, 67.5066, 67.5066, 67.5066, 67.5066, 67.5066]
res = [0.000106515, 4.69523e-05, 3.73398e-05, 3.33179e-05, 1.94426e-05, 1.19259e-05, 7.31673e-06, 1.2911e-06, 6.15525e-07, 3.04937e-07, 1.14774e-07, 7.01081e-08, 4.11696e-08, 1.07904e-08, 5.7341e-09, 2.79454e-09, 1.0203e-09, 6.11463e-10, 2.8994e-10, 1.0211e-10, 5.30099e-11, 2.38707e-11, 1.00191e-11, 5.34115e-12, 2.22946e-12, 9.72991e-13, 5.13468e-13, 2.13127e-13, 9.45642e-14, 4.84528e-14, 2.04569e-14, 9.66396e-15, 4.70043e-15, 1.99737e-15, 1.00536e-15, 4.7731e-16, 1.89566e-16, 9.36634e-17]
StationaryIterate has converged in 37 iterations 
The relative residual is 8.79348e-13
67.5066/0 : d d d
  current line = 375
 call StationaryIterateNew  at  line 302
Exec error :  Div by 0
   -- number :1
Exec error :  Div by 0
   -- number :1
 err code 8 ,  mpirank 0
-- FreeFem++ v4.13 (2024年 01月 20日 星期六 00:49:06 CST - git no git)
   file : HelmPMLDDcheckerboard.edp
 Load: lg_fem lg_mesh lg_mesh3 eigenvalue 

 *** Warning  The identifier z hide a Global identifier  

 *** Warning  The identifier y hide a Global identifier  
 sizestack + 1024 =26464  ( 25440 )

running time: 0.000121  get k
lambda = 0.0785398
wave number = 80
height = 1, length = 1, lengthpml = 0.025, layerspml = 6
nppwl = 18.7911, h = 0.00416667, k to (-1-1/2p) = 0.00417963
  -- Square mesh : nb vertices  =64009 ,  nb triangles = 127008 ,  nb boundary edges 1008
running time: 0.01863  get mesh
running time: 0.236774  define forms
running time: 1.67278  assemble A(255025,255025)
running time: 1.82176  assemble rhs
running time: 1.82176  direct solve
setting up dd preconditioner.....
 num of subdomains: 64, overlaps: 6, length of overlaps: 0.025
running time: 11.1611  settup dd
done! setting up dd preconditioner.....
Gmres:
 r = [ 8.46732e-05, 6.46204e-05, 4.10519e-05, 2.97689e-05, 2.36335e-05, 1.99018e-05, 1.73537e-05, 1.52434e-05, 1.29896e-05, 1.01673e-05, 7.18914e-06, 4.92393e-06, 3.01535e-06, 1.70287e-06, 1.05482e-06, 6.96879e-07, 4.4782e-07, 2.66577e-07, 1.53061e-07, 9.05269e-08, 5.40281e-08, 3.40512e-08, 2.01596e-08, 1.15046e-08, 7.03188e-09, 4.38638e-09, 2.67456e-09, 1.73023e-09, 1.06473e-09, 7.03729e-10, 4.18742e-10, 2.35466e-10, 1.42901e-10, 8.85516e-11, 5.585e-11, 3.35135e-11, 2.01268e-11, 1.27617e-11, 7.42878e-12, 4.4035e-12, 2.51798e-12, 1.48651e-12, 9.50063e-13, 6.16348e-13, 3.89778e-13, 2.48182e-13, 1.57081e-13, 9.04496e-14, 5.73209e-14, 3.48155e-14, 2.09419e-14, 1.2795e-14, 7.94231e-15, 4.78486e-15, 2.80097e-15, 1.58622e-15, 9.29143e-16, 5.76224e-16, 3.49821e-16, 2.2856e-16, 1.23946e-16, 7.65109e-17];
GMRES has converged in resudual 60 iterations 
The relative residual is 9.03602e-13
Stationary iteration:
error = [0, 40.5637, 46.2085, 49.8645, 53.2806, 56.417, 59.4286, 62.5404, 64.4852, 64.2214, 64.0897, 64.014, 63.8186, 63.8345, 63.7242, 63.6994, 63.7228, 63.7061, 63.7006, 63.7187, 63.7132, 63.7095, 63.709, 63.7104, 63.7087, 63.708, 63.7107, 63.7085, 63.7083, 63.7098, 63.7084, 63.7095, 63.7087, 63.709, 63.7091, 63.7088, 63.7092, 63.7089, 63.7091, 63.709, 63.709, 63.7091, 63.709, 63.709, 63.709, 63.709, 63.709, 63.709, 63.709, 63.709, 63.709, 63.709, 63.709, 63.709, 63.709, 63.709, 63.709, 63.709, 63.709, 63.709, 63.709, 63.709, 63.709, 63.709, 63.709, 63.709, 63.709, 63.709, 63.709, 63.709, 63.709, 63.709, 63.709, 63.709, 63.709, 63.709, 63.709, 63.709, 63.709, 63.709, 63.709, 63.709, 63.709, 63.709, 63.709, 63.709, 63.709, 63.709, 63.709, 63.709, 63.709, 63.709, 63.709, 63.709, 63.709, 63.709, 63.709, 63.709, 63.709, 63.709, 63.709, 63.709, 63.709, 63.709, 63.709, 63.709, 63.709, 63.709, 63.709, 63.709, 63.709, 63.709, 63.709, 63.709]
res = [0.000106515, 8.45039e-05, 7.59053e-05, 7.22627e-05, 7.08297e-05, 7.11203e-05, 7.20798e-05, 6.89781e-05, 3.89311e-05, 2.53272e-05, 1.94882e-05, 1.58025e-05, 1.26926e-05, 8.95959e-06, 5.61758e-06, 3.7531e-06, 2.7396e-06, 2.2513e-06, 1.91008e-06, 1.51277e-06, 1.07512e-06, 7.40584e-07, 5.54274e-07, 4.25734e-07, 3.17871e-07, 2.25973e-07, 1.51808e-07, 1.09692e-07, 9.36475e-08, 8.1615e-08, 6.74655e-08, 5.23753e-08, 3.93399e-08, 3.10291e-08, 2.55606e-08, 1.97744e-08, 1.39824e-08, 9.81205e-09, 7.71601e-09, 6.74994e-09, 5.7246e-09, 4.3241e-09, 2.8952e-09, 1.84991e-09, 1.36729e-09, 1.24973e-09, 1.15374e-09, 9.65964e-10, 7.42256e-10, 5.61377e-10, 4.42806e-10, 3.55702e-10, 2.7364e-10, 1.95836e-10, 1.37807e-10, 1.09052e-10, 9.6049e-11, 8.21613e-11, 6.38394e-11, 4.47307e-11, 2.98535e-11, 2.212e-11, 1.92248e-11, 1.69541e-11, 1.40165e-11, 1.10265e-11, 8.69393e-12, 7.03883e-12, 5.62517e-12, 4.21285e-12, 2.91701e-12, 1.99093e-12, 1.55509e-12, 1.39419e-12, 1.23063e-12, 9.93017e-13, 7.32355e-13, 5.17283e-13, 3.82496e-13, 3.0945e-13, 2.57868e-13, 2.09873e-13, 1.68214e-13, 1.36856e-13, 1.12487e-13, 8.95421e-14, 6.63944e-14, 4.54575e-14, 3.05235e-14, 2.34494e-14, 2.10314e-14, 1.88697e-14, 1.56849e-14, 1.20825e-14, 8.93537e-15, 6.67068e-15, 5.15571e-15, 4.05303e-15, 3.18991e-15, 2.55499e-15, 2.1185e-15, 1.77385e-15, 1.42981e-15, 1.07294e-15, 7.45971e-16, 5.0452e-16, 3.76526e-16, 3.25837e-16, 2.90939e-16, 2.46943e-16, 1.97453e-16, 1.51907e-16, 1.15288e-16, 8.7191e-17]
StationaryIterate has converged in 113 iterations 
The relative residual is 8.18583e-13
63.709/0 : d d d
  current line = 375
 call StationaryIterateNew  at  line 302
Exec error :  Div by 0
   -- number :1
Exec error :  Div by 0
   -- number :1
 err code 8 ,  mpirank 0
-- FreeFem++ v4.13 (2024年 01月 20日 星期六 00:49:06 CST - git no git)
   file : HelmPMLDDcheckerboard.edp
 Load: lg_fem lg_mesh lg_mesh3 eigenvalue 

 *** Warning  The identifier z hide a Global identifier  

 *** Warning  The identifier y hide a Global identifier  
 sizestack + 1024 =26464  ( 25440 )

running time: 0.000116  get k
lambda = 0.0523599
wave number = 120
height = 1, length = 1, lengthpml = 0.0251256, layerspml = 10
nppwl = 20.7958, h = 0.00251256, k to (-1-1/2p) = 0.00251781
  -- Square mesh : nb vertices  =175561 ,  nb triangles = 349448 ,  nb boundary edges 1672
running time: 0.052164  get mesh
running time: 0.823914  define forms
running time: 4.97039  assemble A(700569,700569)
running time: 5.36787  assemble rhs
running time: 5.36788  direct solve
setting up dd preconditioner.....
 num of subdomains: 4, overlaps: 10, length of overlaps: 0.0251256
running time: 15.8179  settup dd
done! setting up dd preconditioner.....
Gmres:
 r = [ 5.18873e-05, 7.74254e-06, 3.49607e-06, 2.05354e-07, 7.8572e-09, 2.839e-10, 1.15311e-11, 8.37528e-13, 4.95494e-14, 1.92528e-15, 5.91491e-17, 2.7187e-18];
GMRES has converged in resudual 10 iterations 
The relative residual is 5.23963e-14
Stationary iteration:
error = [0, 51.9847, 59.8142, 61.6918, 61.6942, 61.6957, 61.6957, 61.6957, 61.6957, 61.6957, 61.6957, 61.6957]
res = [5.24618e-05, 7.82826e-06, 3.90706e-06, 2.1687e-07, 9.64562e-09, 2.97393e-10, 1.51059e-11, 1.36032e-12, 8.10359e-14, 3.2699e-15, 2.12417e-16, 1.80074e-17]
StationaryIterate has converged in 11 iterations 
The relative residual is 3.43248e-13
61.6957/0 : d d d
  current line = 375
 call StationaryIterateNew  at  line 302
Exec error :  Div by 0
   -- number :1
Exec error :  Div by 0
   -- number :1
 err code 8 ,  mpirank 0
-- FreeFem++ v4.13 (2024年 01月 20日 星期六 00:49:06 CST - git no git)
   file : HelmPMLDDcheckerboard.edp
 Load: lg_fem lg_mesh lg_mesh3 eigenvalue 

 *** Warning  The identifier z hide a Global identifier  

 *** Warning  The identifier y hide a Global identifier  
 sizestack + 1024 =26464  ( 25440 )

running time: 0.000118  get k
lambda = 0.0523599
wave number = 120
height = 1, length = 1, lengthpml = 0.0251256, layerspml = 10
nppwl = 20.7958, h = 0.00251256, k to (-1-1/2p) = 0.00251781
  -- Square mesh : nb vertices  =175561 ,  nb triangles = 349448 ,  nb boundary edges 1672
running time: 0.052029  get mesh
running time: 0.78301  define forms
running time: 4.83427  assemble A(700569,700569)
running time: 5.22729  assemble rhs
running time: 5.2273  direct solve
setting up dd preconditioner.....
 num of subdomains: 16, overlaps: 10, length of overlaps: 0.0251256
running time: 19.8527  settup dd
done! setting up dd preconditioner.....
Gmres:
 r = [ 5.18719e-05, 7.84521e-06, 4.96401e-06, 3.84853e-06, 2.68941e-06, 1.60335e-06, 8.06868e-07, 8.86659e-08, 2.43284e-08, 9.58381e-09, 3.00955e-09, 1.07231e-09, 2.20878e-10, 7.96744e-11, 2.02771e-11, 5.22226e-12, 1.40079e-12, 3.7842e-13, 9.37704e-14, 2.61276e-14, 6.53205e-15, 2.067e-15, 6.46711e-16, 1.68937e-16, 4.74351e-17];
GMRES has converged in resudual 23 iterations 
The relative residual is 9.14467e-13
Stationary iteration:
error = [0, 45.2233, 50.185, 53.5969, 56.8239, 58.2049, 58.7705, 58.8462, 58.8468, 58.8465, 58.8456, 58.8464, 58.8462, 58.8462, 58.8462, 58.8462, 58.8462, 58.8462, 58.8462, 58.8462, 58.8462, 58.8462, 58.8462, 58.8462, 58.8462, 58.8462, 58.8462, 58.8462]
res = [5.24618e-05, 7.93442e-06, 6.38426e-06, 5.67315e-06, 3.44733e-06, 1.84198e-06, 9.01138e-07, 9.00398e-08, 3.34327e-08, 1.51232e-08, 4.77337e-09, 2.27987e-09, 7.36207e-10, 1.33834e-10, 4.56067e-11, 1.63765e-11, 5.83663e-12, 2.22562e-12, 5.64866e-13, 1.54664e-13, 4.84641e-14, 1.74533e-14, 6.34299e-15, 2.34018e-15, 6.69848e-16, 1.83274e-16, 6.0576e-17, 2.1785e-17]
StationaryIterate has converged in 27 iterations 
The relative residual is 4.15254e-13
58.8462/0 : d d d
  current line = 375
 call StationaryIterateNew  at  line 302
Exec error :  Div by 0
   -- number :1
Exec error :  Div by 0
   -- number :1
 err code 8 ,  mpirank 0
-- FreeFem++ v4.13 (2024年 01月 20日 星期六 00:49:06 CST - git no git)
   file : HelmPMLDDcheckerboard.edp
 Load: lg_fem lg_mesh lg_mesh3 eigenvalue 

 *** Warning  The identifier z hide a Global identifier  

 *** Warning  The identifier y hide a Global identifier  
 sizestack + 1024 =26464  ( 25440 )

running time: 0.000125  get k
lambda = 0.0523599
wave number = 120
height = 1, length = 1, lengthpml = 0.0251256, layerspml = 10
nppwl = 20.7958, h = 0.00251256, k to (-1-1/2p) = 0.00251781
  -- Square mesh : nb vertices  =175561 ,  nb triangles = 349448 ,  nb boundary edges 1672
running time: 0.052406  get mesh
running time: 0.68735  define forms
running time: 4.6745  assemble A(700569,700569)
running time: 5.06093  assemble rhs
running time: 5.06093  direct solve
setting up dd preconditioner.....
 num of subdomains: 64, overlaps: 10, length of overlaps: 0.0251256
running time: 31.0943  settup dd
done! setting up dd preconditioner.....
Gmres:
 r = [ 4.89318e-05, 1.89189e-05, 1.01361e-05, 6.79104e-06, 5.11495e-06, 4.13419e-06, 3.49815e-06, 2.91042e-06, 2.42704e-06, 1.69533e-06, 1.05244e-06, 6.64366e-07, 3.59653e-07, 1.68626e-07, 9.12245e-08, 5.0242e-08, 2.79368e-08, 1.55248e-08, 7.677e-09, 4.00068e-09, 2.31934e-09, 1.29258e-09, 5.54788e-10, 2.98246e-10, 1.91275e-10, 1.1147e-10, 5.48433e-11, 2.84711e-11, 1.47009e-11, 7.9255e-12, 4.5489e-12, 2.48286e-12, 1.22412e-12, 5.37507e-13, 2.95526e-13, 1.54478e-13, 8.4083e-14, 4.23396e-14, 2.12923e-14, 9.84467e-15, 5.35351e-15, 2.82543e-15, 1.47079e-15, 7.19675e-16, 3.47526e-16, 1.69033e-16, 9.29504e-17, 4.61791e-17];
GMRES has converged in resudual 46 iterations 
The relative residual is 9.43745e-13
Stationary iteration:
error = [0, 45.5682, 48.1067, 49.7171, 51.3692, 53.1173, 54.7299, 56.7697, 56.2743, 56.6163, 56.6734, 56.6653, 56.6627, 56.6782, 56.6785, 56.6742, 56.6787, 56.6745, 56.6747, 56.6757, 56.676, 56.6757, 56.6756, 56.6755, 56.6756, 56.6756, 56.6756, 56.6756, 56.6756, 56.6756, 56.6756, 56.6756, 56.6756, 56.6756, 56.6756, 56.6756, 56.6756, 56.6756, 56.6756, 56.6756, 56.6756, 56.6756, 56.6756, 56.6756, 56.6756, 56.6756, 56.6756, 56.6756, 56.6756, 56.6756, 56.6756, 56.6756, 56.6756, 56.6756, 56.6756, 56.6756, 56.6756, 56.6756, 56.6756, 56.6756, 56.6756, 56.6756, 56.6756, 56.6756]
res = [5.24618e-05, 2.03517e-05, 1.80335e-05, 1.67867e-05, 1.60193e-05, 1.56917e-05, 1.56449e-05, 1.3873e-05, 6.17475e-06, 3.18217e-06, 1.74045e-06, 9.67682e-07, 4.15929e-07, 2.35849e-07, 1.70475e-07, 1.2277e-07, 8.29504e-08, 5.04869e-08, 2.77253e-08, 1.25342e-08, 6.60034e-09, 4.13792e-09, 2.82136e-09, 1.72828e-09, 1.00125e-09, 6.61916e-10, 4.76742e-10, 3.34614e-10, 2.11958e-10, 1.27936e-10, 7.69021e-11, 4.67023e-11, 2.91446e-11, 1.83447e-11, 1.15663e-11, 7.46058e-12, 4.9667e-12, 3.41232e-12, 2.34073e-12, 1.53455e-12, 9.71e-13, 6.03822e-13, 3.73603e-13, 2.31306e-13, 1.439e-13, 9.12481e-14, 5.94154e-14, 3.95583e-14, 2.65832e-14, 1.77915e-14, 1.17094e-14, 7.53988e-15, 4.77447e-15, 2.99816e-15, 1.8805e-15, 1.18583e-15, 7.56881e-16, 4.91574e-16, 3.24063e-16, 2.14792e-16, 1.41942e-16, 9.29706e-17, 6.0193e-17, 3.85521e-17]
StationaryIterate has converged in 63 iterations 
The relative residual is 7.3486e-13
56.6756/0 : d d d
  current line = 375
 call StationaryIterateNew  at  line 302
Exec error :  Div by 0
   -- number :1
Exec error :  Div by 0
   -- number :1
 err code 8 ,  mpirank 0
-- FreeFem++ v4.13 (2024年 01月 20日 星期六 00:49:06 CST - git no git)
   file : HelmPMLDDcheckerboard.edp
 Load: lg_fem lg_mesh lg_mesh3 eigenvalue 

 *** Warning  The identifier z hide a Global identifier  

 *** Warning  The identifier y hide a Global identifier  
 sizestack + 1024 =26464  ( 25440 )

running time: 0.000119  get k
lambda = 0.0392699
wave number = 160
height = 1, length = 1, lengthpml = 0.0263158, layerspml = 15
nppwl = 22.3465, h = 0.00175439, k to (-1-1/2p) = 0.00175732
  -- Square mesh : nb vertices  =361201 ,  nb triangles = 720000 ,  nb boundary edges 2400
running time: 0.11012  get mesh
running time: 1.92286  define forms
running time: 10.6228  assemble A(1442401,1442401)
running time: 11.4322  assemble rhs
running time: 11.4322  direct solve
setting up dd preconditioner.....
 num of subdomains: 4, overlaps: 15, length of overlaps: 0.0263158
running time: 33.7391  settup dd
done! setting up dd preconditioner.....
Gmres:
 r = [ 3.16866e-05, 1.62531e-06, 6.93784e-07, 1.62547e-08, 4.48101e-10, 9.71415e-12, 2.71532e-13, 5.74963e-15, 3.34841e-17, 4.37591e-19];
GMRES has converged in resudual 8 iterations 
The relative residual is 1.381e-14
Stationary iteration:
error = [0, 48.3843, 51.623, 52.4239, 52.4239, 52.424, 52.424, 52.424, 52.424, 52.424]
res = [3.17282e-05, 1.62744e-06, 7.64826e-07, 1.68059e-08, 4.89497e-10, 9.79528e-12, 2.94836e-13, 7.49059e-15, 2.16531e-16, 5.59635e-18]
StationaryIterate has converged in 9 iterations 
The relative residual is 1.76384e-13
52.424/0 : d d d
  current line = 375
 call StationaryIterateNew  at  line 302
Exec error :  Div by 0
   -- number :1
Exec error :  Div by 0
   -- number :1
 err code 8 ,  mpirank 0
-- FreeFem++ v4.13 (2024年 01月 20日 星期六 00:49:06 CST - git no git)
   file : HelmPMLDDcheckerboard.edp
 Load: lg_fem lg_mesh lg_mesh3 eigenvalue 

 *** Warning  The identifier z hide a Global identifier  

 *** Warning  The identifier y hide a Global identifier  
 sizestack + 1024 =26464  ( 25440 )

running time: 0.000116  get k
lambda = 0.0392699
wave number = 160
height = 1, length = 1, lengthpml = 0.0263158, layerspml = 15
nppwl = 22.3465, h = 0.00175439, k to (-1-1/2p) = 0.00175732
  -- Square mesh : nb vertices  =361201 ,  nb triangles = 720000 ,  nb boundary edges 2400
running time: 0.110203  get mesh
running time: 1.57934  define forms
running time: 10.3049  assemble A(1442401,1442401)
running time: 11.088  assemble rhs
running time: 11.088  direct solve
setting up dd preconditioner.....
 num of subdomains: 16, overlaps: 15, length of overlaps: 0.0263158
running time: 42.618  settup dd
done! setting up dd preconditioner.....
Gmres:
 r = [ 3.16856e-05, 1.64383e-06, 1.03421e-06, 8.02506e-07, 5.48e-07, 3.25619e-07, 1.398e-07, 7.26862e-09, 2.18521e-09, 7.5361e-10, 1.55661e-10, 4.25319e-11, 1.26189e-11, 1.73086e-12, 5.52807e-13, 1.47085e-13, 1.64783e-14, 4.53798e-15, 1.05502e-15, 1.98881e-16, 4.27399e-17, 1.43246e-17];
GMRES has converged in resudual 20 iterations 
The relative residual is 4.52087e-13
Stationary iteration:
error = [0, 45.8049, 47.6824, 49.0292, 50.3502, 50.9179, 51.1583, 51.1874, 51.1871, 51.1872, 51.1871, 51.1872, 51.1872, 51.1872, 51.1872, 51.1872, 51.1872, 51.1872, 51.1872, 51.1872, 51.1872, 51.1872, 51.1872]
res = [3.17282e-05, 1.64604e-06, 1.32399e-06, 1.18285e-06, 6.87071e-07, 3.63389e-07, 1.50681e-07, 7.3588e-09, 3.03958e-09, 8.52839e-10, 1.72817e-10, 5.45406e-11, 1.71029e-11, 2.16136e-12, 9.15386e-13, 3.38842e-13, 4.49975e-14, 9.01963e-15, 3.24234e-15, 6.04823e-16, 1.13401e-16, 3.55647e-17, 8.7885e-18]
StationaryIterate has converged in 22 iterations 
The relative residual is 2.76993e-13
51.1872/0 : d d d
  current line = 375
 call StationaryIterateNew  at  line 302
Exec error :  Div by 0
   -- number :1
Exec error :  Div by 0
   -- number :1
 err code 8 ,  mpirank 0
-- FreeFem++ v4.13 (2024年 01月 20日 星期六 00:49:06 CST - git no git)
   file : HelmPMLDDcheckerboard.edp
 Load: lg_fem lg_mesh lg_mesh3 eigenvalue 

 *** Warning  The identifier z hide a Global identifier  

 *** Warning  The identifier y hide a Global identifier  
 sizestack + 1024 =26464  ( 25440 )

running time: 0.000129  get k
lambda = 0.0392699
wave number = 160
height = 1, length = 1, lengthpml = 0.0263158, layerspml = 15
nppwl = 22.3465, h = 0.00175439, k to (-1-1/2p) = 0.00175732
  -- Square mesh : nb vertices  =361201 ,  nb triangles = 720000 ,  nb boundary edges 2400
running time: 0.109832  get mesh
running time: 1.77669  define forms
running time: 10.4698  assemble A(1442401,1442401)
running time: 11.2371  assemble rhs
running time: 11.2371  direct solve
setting up dd preconditioner.....
 num of subdomains: 64, overlaps: 15, length of overlaps: 0.0263158
running time: 67.588  settup dd
done! setting up dd preconditioner.....
Gmres:
 r = [ 3.12933e-05, 5.23548e-06, 2.60244e-06, 1.67049e-06, 1.21394e-06, 9.52372e-07, 7.86057e-07, 5.94232e-07, 4.92892e-07, 3.57825e-07, 2.23994e-07, 1.49522e-07, 7.18777e-08, 2.61619e-08, 9.96373e-09, 4.32048e-09, 2.07403e-09, 1.01448e-09, 5.12552e-10, 2.66616e-10, 1.37017e-10, 6.36237e-11, 3.00567e-11, 1.52406e-11, 7.3355e-12, 2.73256e-12, 1.07406e-12, 5.59896e-13, 2.59808e-13, 1.0648e-13, 5.05744e-14, 2.57894e-14, 1.29325e-14, 6.42202e-15, 2.83448e-15, 1.2593e-15, 4.98832e-16, 2.21229e-16, 1.03707e-16, 4.51789e-17, 2.16577e-17];
GMRES has converged in resudual 39 iterations 
The relative residual is 6.92088e-13
Stationary iteration:
error = [0, 47.8059, 48.4195, 48.8401, 49.2914, 49.8433, 50.3888, 51.3173, 49.7297, 50.0947, 50.2077, 50.2381, 50.2587, 50.2634, 50.2635, 50.2634, 50.2636, 50.2637, 50.2637, 50.2636, 50.2637, 50.2637, 50.2636, 50.2637, 50.2637, 50.2636, 50.2637, 50.2637, 50.2637, 50.2637, 50.2637, 50.2637, 50.2637, 50.2637, 50.2637, 50.2637, 50.2637, 50.2637, 50.2637, 50.2637, 50.2637, 50.2637, 50.2637, 50.2637, 50.2637, 50.2637, 50.2637]
res = [3.17282e-05, 5.30348e-06, 4.69964e-06, 4.40618e-06, 4.1934e-06, 4.07868e-06, 4.00177e-06, 3.17582e-06, 1.16924e-06, 5.92607e-07, 3.39814e-07, 2.24283e-07, 1.01383e-07, 4.48428e-08, 1.86142e-08, 8.69461e-09, 4.98123e-09, 3.09444e-09, 1.76095e-09, 9.14101e-10, 3.94587e-10, 1.81767e-10, 1.06507e-10, 5.68963e-11, 2.90106e-11, 1.52368e-11, 7.61665e-12, 3.87946e-12, 2.18255e-12, 1.15514e-12, 5.86272e-13, 3.14967e-13, 1.64087e-13, 8.85293e-14, 4.73217e-14, 2.4496e-14, 1.32064e-14, 6.69487e-15, 3.51708e-15, 1.93923e-15, 1.00446e-15, 5.36165e-16, 2.88599e-16, 1.49401e-16, 8.09677e-17, 4.39799e-17, 2.25529e-17]
StationaryIterate has converged in 46 iterations 
The relative residual is 7.10815e-13
50.2637/0 : d d d
  current line = 375
 call StationaryIterateNew  at  line 302
Exec error :  Div by 0
   -- number :1
Exec error :  Div by 0
   -- number :1
 err code 8 ,  mpirank 0
